H22:31:10,473 DEBUG   util.TypeConverter| Using type converter 'spring'
+22:31:10,583 INFO  port.LoggingReporter| 
s22:31:10,583 INFO  port.LoggingReporter| ------------------------------------------------------------------------
k22:31:10,598 DEBUG port.LoggingReporter| STARTING TEST DuckActionsTestFly.successfulFly <autotests.tests>
+22:31:10,598 INFO  port.LoggingReporter| 
A22:31:10,598 DEBUG trus.DefaultTestCase| Initializing test case
|22:31:10,598 DEBUG  context.TestContext| Setting variable: citrus.test.name with value: 'DuckActionsTestFly.successfulFly'
n22:31:10,614 DEBUG  context.TestContext| Setting variable: citrus.test.package with value: 'autotests.tests'
Y22:31:10,614 DEBUG trus.DefaultTestCase| Initializing test parameter 'arg0' as variable
Ä22:31:10,614 DEBUG  context.TestContext| Setting variable: arg0 with value: 'com.consol.citrus.DefaultTestCaseRunner@7178d811'
:22:31:10,614 DEBUG trus.DefaultTestCase| Test variables:
P22:31:10,614 DEBUG trus.DefaultTestCase| citrus.test.package = autotests.tests
b22:31:10,614 DEBUG trus.DefaultTestCase| arg0 = com.consol.citrus.DefaultTestCaseRunner@7178d811
^22:31:10,614 DEBUG trus.DefaultTestCase| citrus.test.name = DuckActionsTestFly.successfulFly
U22:31:10,656 DEBUG  context.TestContext| Setting variable: duckId with value: '123'
+22:31:11,009 INFO  port.LoggingReporter| 
;22:31:11,025 DEBUG port.LoggingReporter| TEST STEP 0: sql
Ö22:31:11,025 DEBUG ons.ExecuteSQLAction| Executing SQL statement: insert into DUCK (id, color, height, material, sound, wings_state)
9values (123, 'yellow', 1.0, 'rubber', 'quack','ACTIVE')
M22:31:11,322 INFO  ons.ExecuteSQLAction| SQL statement execution successful
+22:31:11,322 INFO  port.LoggingReporter| 
>22:31:11,337 DEBUG port.LoggingReporter| TEST STEP 0 SUCCESS
+22:31:11,431 INFO  port.LoggingReporter| 
<22:31:11,431 DEBUG port.LoggingReporter| TEST STEP 0: send
H22:31:11,431 DEBUG   util.TypeConverter| Using type converter 'spring'
s22:31:11,462 DEBUG ltCorrelationManager| Saving correlation key for 'citrus_message_correlator_yellowDuckService'
±22:31:11,462 DEBUG  context.TestContext| Setting variable: citrus_message_correlator_yellowDuckService with value: 'citrus_message_id = '3b51bef9-07fc-4752-9da9-1f56d9fcde15''
æ22:31:11,478 DEBUG  context.TestContext| Setting variable: citrus_message_replyTo_citrus_message_correlator_yellowDuckService with value: 'http://localhost:2222/api/duck/action/fly?id=123'
v22:31:11,478 INFO     client.HttpClient| Sending HTTP message to: 'http://localhost:2222/api/duck/action/fly?id=123'
:22:31:11,478 DEBUG    client.HttpClient| Message to send:

G22:31:11,602 DEBUG ingClientInterceptor| Sending Http request message
H22:31:11,602 DEBUG   util.TypeConverter| Using type converter 'spring'
I22:31:12,125 DEBUG ingClientInterceptor| Received Http response message
H22:31:12,125 DEBUG   util.TypeConverter| Using type converter 'spring'
Ä22:31:12,140 INFO     client.HttpClient| HTTP message was sent to endpoint: 'http://localhost:2222/api/duck/action/fly?id=123'
Ñ22:31:12,156 DEBUG ltCorrelationManager| Saving correlated object for 'citrus_message_id = '3b51bef9-07fc-4752-9da9-1f56d9fcde15''
+22:31:12,156 INFO  port.LoggingReporter| 
>22:31:12,156 DEBUG port.LoggingReporter| TEST STEP 0 SUCCESS
l22:31:12,218 DEBUG       util.FileUtils| Reading file resource: 'successfulFly.json' (encoding is 'UTF-8')
+22:31:12,258 INFO  port.LoggingReporter| 
?22:31:12,258 DEBUG port.LoggingReporter| TEST STEP 0: receive
p22:31:12,273 DEBUG ngCorrelationManager| Get correlation key for 'citrus_message_correlator_yellowDuckService'
Ö22:31:12,273 DEBUG ltCorrelationManager| Finding correlated object for 'citrus_message_id = '3b51bef9-07fc-4752-9da9-1f56d9fcde15''
;22:31:12,273 DEBUG ReceiveMessageAction| Received message:
CHTTPMESSAGE [id: 56bca3b2-371b-47ab-8a73-24965dff8fa1, payload: {
  "message": "I am flying :)"
‚}][headers: {Transfer-Encoding=chunked, Connection=keep-alive, contentType=application/json, Date=1738251071000, citrus_message_id=56bca3b2-371b-47ab-8a73-24965dff8fa1, citrus_message_timestamp=1738251072156, Keep-Alive=timeout=60, Content-Type=application/json, citrus_http_status_code=200, citrus_http_reason_phrase=OK, citrus_http_version=HTTP/1.1}]
:22:31:12,289 DEBUG ReceiveMessageAction| Control message:
CHTTPMESSAGE [id: da2d9680-14ab-424f-9aaf-2ad6f7de2c85, payload: {

  "message": "I‚Äôm flying"
‚}][headers: {citrus_message_id=da2d9680-14ab-424f-9aaf-2ad6f7de2c85, citrus_message_timestamp=1738251072203, citrus_http_reason_phrase=OK, citrus_http_status_code=200, Content-Type=application/json, citrus_message_type=XML}]
Q22:31:12,304 DEBUG ageValidatorRegistry| Found 3 message validators for message
N22:31:12,304 DEBUG ssageHeaderValidator| Start message header validation ...
ù22:31:12,336 DEBUG er.TypeAliasResolver| Found type alias resolver 'marshallerResolver' as class com.consol.citrus.context.resolver.MarshallerAliasResolver
°22:31:12,336 DEBUG er.TypeAliasResolver| Found type alias resolver 'unmarshallerResolver' as class com.consol.citrus.context.resolver.UnmarshallerAliasResolver
i22:31:12,383 DEBUG faultHeaderValidator| Validating header element: citrus_http_reason_phrase='OK': OK.
h22:31:12,430 DEBUG faultHeaderValidator| Validating header element: citrus_http_status_code='200': OK.
j22:31:12,430 DEBUG faultHeaderValidator| Validating header element: Content-Type='application/json': OK.
^22:31:12,430 INFO  ssageHeaderValidator| Message header validation successful: All values OK
L22:31:12,430 DEBUG TextMessageValidator| Start JSON message validation ...
N22:31:12,430 DEBUG JsonSchemaValidation| Starting Json schema validation ...
[22:31:12,445 INFO  JsonSchemaValidation| Json schema validation successful: All values OK
N22:31:12,821 DEBUG trus.DefaultTestCase| Entering finally block in test case
+22:31:12,821 INFO  port.LoggingReporter| 
i22:31:12,821 DEBUG port.LoggingReporter| TEST STEP 0: DuckActionsTestFly$$Lambda$525/0x000000084045a440
+22:31:12,821 INFO  port.LoggingReporter| 
;22:31:12,821 DEBUG port.LoggingReporter| TEST STEP 0: sql
a22:31:12,821 DEBUG ons.ExecuteSQLAction| Executing SQL statement: DELETE FROM DUCK WHERE ID=123
M22:31:12,821 INFO  ons.ExecuteSQLAction| SQL statement execution successful
+22:31:12,821 INFO  port.LoggingReporter| 
>22:31:12,821 DEBUG port.LoggingReporter| TEST STEP 0 SUCCESS
+22:31:12,832 INFO  port.LoggingReporter| 
>22:31:12,832 DEBUG port.LoggingReporter| TEST STEP 0 SUCCESS
+22:31:12,832 INFO  port.LoggingReporter| 
22:31:12,832 ERROR port.LoggingReporter| TEST FAILED DuckActionsTestFly.successfulFly <autotests.tests> Nested exception is: 
Qcom.consol.citrus.exceptions.ValidationException: Failed to validate JSON text:
v{"message":"I am flying :)"} Values not equal for entry: 'message', expected 'I‚Äôm flying' but was 'I am flying :)'
s	at com.consol.citrus.validation.json.JsonTextMessageValidator.validateMessage(JsonTextMessageValidator.java:114)
r	at com.consol.citrus.validation.json.JsonTextMessageValidator.validateMessage(JsonTextMessageValidator.java:58)
m	at com.consol.citrus.validation.AbstractMessageValidator.validateMessage(AbstractMessageValidator.java:46)
c	at com.consol.citrus.actions.ReceiveMessageAction.validateMessage(ReceiveMessageAction.java:279)
]	at com.consol.citrus.actions.ReceiveMessageAction.doExecute(ReceiveMessageAction.java:168)
V	at com.consol.citrus.actions.AbstractTestAction.execute(AbstractTestAction.java:59)
O	at com.consol.citrus.DefaultTestCase.executeAction(DefaultTestCase.java:136)
Q	at com.consol.citrus.DefaultTestCaseRunner.run(DefaultTestCaseRunner.java:125)
D	at com.consol.citrus.TestActionRunner.$(TestActionRunner.java:35)
H	at autotests.clients.DuckClient.validateResponse(DuckClient.java:141)
R	at autotests.tests.DuckActionsTestFly.successfulFly(DuckActionsTestFly.java:31)
T	at java.base/jdk.internal.reflect.NativeMethodAccessorImpl.invoke0(Native Method)
f	at java.base/jdk.internal.reflect.NativeMethodAccessorImpl.invoke(NativeMethodAccessorImpl.java:62)
n	at java.base/jdk.internal.reflect.DelegatingMethodAccessorImpl.invoke(DelegatingMethodAccessorImpl.java:43)
@	at java.base/java.lang.reflect.Method.invoke(Method.java:566)
U	at org.springframework.util.ReflectionUtils.invokeMethod(ReflectionUtils.java:282)
[	at com.consol.citrus.testng.TestNGHelper.lambda$invokeTestMethod$1(TestNGHelper.java:82)
\	at com.consol.citrus.common.DefaultTestLoader.lambda$doLoad$1(DefaultTestLoader.java:116)
@	at java.base/java.util.ArrayList.forEach(ArrayList.java:1541)
S	at com.consol.citrus.common.DefaultTestLoader.doLoad(DefaultTestLoader.java:116)
P	at com.consol.citrus.common.DefaultTestLoader.load(DefaultTestLoader.java:94)
R	at com.consol.citrus.testng.TestNGHelper.invokeTestMethod(TestNGHelper.java:83)
g	at com.consol.citrus.testng.spring.TestNGCitrusSpringSupport.run(TestNGCitrusSpringSupport.java:185)
g	at com.consol.citrus.testng.spring.TestNGCitrusSpringSupport.run(TestNGCitrusSpringSupport.java:101)
i	at org.testng.internal.invokers.MethodInvocationHelper.invokeHookable(MethodInvocationHelper.java:272)
Q	at org.testng.internal.invokers.TestInvoker.invokeMethod(TestInvoker.java:669)
U	at org.testng.internal.invokers.TestInvoker.invokeTestMethod(TestInvoker.java:221)
S	at org.testng.internal.invokers.MethodRunner.runInSequence(MethodRunner.java:50)
a	at org.testng.internal.invokers.TestInvoker$MethodInvocationAgent.invoke(TestInvoker.java:969)
V	at org.testng.internal.invokers.TestInvoker.invokeTestMethods(TestInvoker.java:194)
`	at org.testng.internal.invokers.TestMethodWorker.invokeTestMethods(TestMethodWorker.java:148)
R	at org.testng.internal.invokers.TestMethodWorker.run(TestMethodWorker.java:128)
@	at java.base/java.util.ArrayList.forEach(ArrayList.java:1541)
;	at org.testng.TestRunner.privateRun(TestRunner.java:829)
4	at org.testng.TestRunner.run(TestRunner.java:602)
:	at org.testng.SuiteRunner.runTest(SuiteRunner.java:437)
B	at org.testng.SuiteRunner.runSequentially(SuiteRunner.java:431)
=	at org.testng.SuiteRunner.privateRun(SuiteRunner.java:391)
6	at org.testng.SuiteRunner.run(SuiteRunner.java:330)
F	at org.testng.SuiteRunnerWorker.runSuite(SuiteRunnerWorker.java:52)
A	at org.testng.SuiteRunnerWorker.run(SuiteRunnerWorker.java:95)
?	at org.testng.TestNG.runSuitesSequentially(TestNG.java:1256)
:	at org.testng.TestNG.runSuitesLocally(TestNG.java:1176)
3	at org.testng.TestNG.runSuites(TestNG.java:1099)
-	at org.testng.TestNG.run(TestNG.java:1067)
w	at org.gradle.api.internal.tasks.testing.testng.TestNGTestClassProcessor.runTests(TestNGTestClassProcessor.java:153)
r	at org.gradle.api.internal.tasks.testing.testng.TestNGTestClassProcessor.stop(TestNGTestClassProcessor.java:96)
i	at org.gradle.api.internal.tasks.testing.SuiteTestClassProcessor.stop(SuiteTestClassProcessor.java:62)
T	at java.base/jdk.internal.reflect.NativeMethodAccessorImpl.invoke0(Native Method)
f	at java.base/jdk.internal.reflect.NativeMethodAccessorImpl.invoke(NativeMethodAccessorImpl.java:62)
n	at java.base/jdk.internal.reflect.DelegatingMethodAccessorImpl.invoke(DelegatingMethodAccessorImpl.java:43)
@	at java.base/java.lang.reflect.Method.invoke(Method.java:566)
Z	at org.gradle.internal.dispatch.ReflectionDispatch.dispatch(ReflectionDispatch.java:36)
Z	at org.gradle.internal.dispatch.ReflectionDispatch.dispatch(ReflectionDispatch.java:24)
j	at org.gradle.internal.dispatch.ContextClassLoaderDispatch.dispatch(ContextClassLoaderDispatch.java:33)
y	at org.gradle.internal.dispatch.ProxyDispatchAdapter$DispatchingInvocationHandler.invoke(ProxyDispatchAdapter.java:94)
0	at com.sun.proxy.$Proxy2.stop(Unknown Source)
X	at org.gradle.api.internal.tasks.testing.worker.TestWorker$3.run(TestWorker.java:193)
o	at org.gradle.api.internal.tasks.testing.worker.TestWorker.executeAndMaintainThreadName(TestWorker.java:129)
Z	at org.gradle.api.internal.tasks.testing.worker.TestWorker.execute(TestWorker.java:100)
Y	at org.gradle.api.internal.tasks.testing.worker.TestWorker.execute(TestWorker.java:60)
k	at org.gradle.process.internal.worker.child.ActionExecutionWorker.execute(ActionExecutionWorker.java:56)
É	at org.gradle.process.internal.worker.child.SystemApplicationClassLoaderWorker.call(SystemApplicationClassLoaderWorker.java:119)
Ç	at org.gradle.process.internal.worker.child.SystemApplicationClassLoaderWorker.call(SystemApplicationClassLoaderWorker.java:66)
^	at worker.org.gradle.process.internal.worker.GradleWorkerMain.run(GradleWorkerMain.java:69)
_	at worker.org.gradle.process.internal.worker.GradleWorkerMain.main(GradleWorkerMain.java:74)
àCaused by: java.lang.IllegalArgumentException: Values not equal for entry: 'message', expected 'I‚Äôm flying' but was 'I am flying :)'
=	at org.springframework.util.Assert.isTrue(Assert.java:121)
p	at com.consol.citrus.validation.json.JsonTextMessageValidator.validateJson(JsonTextMessageValidator.java:211)
s	at com.consol.citrus.validation.json.JsonTextMessageValidator.validateMessage(JsonTextMessageValidator.java:102)
	... 65 more
s22:31:12,848 INFO  port.LoggingReporter| ------------------------------------------------------------------------
+22:31:12,848 INFO  port.LoggingReporter| 
H22:31:13,030 DEBUG   util.TypeConverter| Using type converter 'spring'
+22:31:13,046 INFO  port.LoggingReporter| 
s22:31:13,046 INFO  port.LoggingReporter| ------------------------------------------------------------------------
m22:31:13,046 DEBUG port.LoggingReporter| STARTING TEST DuckActionsTestFly.unsuccessfulFly <autotests.tests>
+22:31:13,046 INFO  port.LoggingReporter| 
A22:31:13,046 DEBUG trus.DefaultTestCase| Initializing test case
~22:31:13,046 DEBUG  context.TestContext| Setting variable: citrus.test.name with value: 'DuckActionsTestFly.unsuccessfulFly'
n22:31:13,046 DEBUG  context.TestContext| Setting variable: citrus.test.package with value: 'autotests.tests'
Y22:31:13,046 DEBUG trus.DefaultTestCase| Initializing test parameter 'arg0' as variable
22:31:13,046 DEBUG  context.TestContext| Setting variable: arg0 with value: 'com.consol.citrus.DefaultTestCaseRunner@c14bbab'
:22:31:13,046 DEBUG trus.DefaultTestCase| Test variables:
P22:31:13,046 DEBUG trus.DefaultTestCase| citrus.test.package = autotests.tests
a22:31:13,046 DEBUG trus.DefaultTestCase| arg0 = com.consol.citrus.DefaultTestCaseRunner@c14bbab
`22:31:13,046 DEBUG trus.DefaultTestCase| citrus.test.name = DuckActionsTestFly.unsuccessfulFly
U22:31:13,046 DEBUG  context.TestContext| Setting variable: duckId with value: '123'
+22:31:13,046 INFO  port.LoggingReporter| 
;22:31:13,046 DEBUG port.LoggingReporter| TEST STEP 0: sql
Ö22:31:13,046 DEBUG ons.ExecuteSQLAction| Executing SQL statement: insert into DUCK (id, color, height, material, sound, wings_state)
8values (123, 'yellow', 1.0, 'rubber', 'quack','FIXED')
M22:31:13,062 INFO  ons.ExecuteSQLAction| SQL statement execution successful
+22:31:13,062 INFO  port.LoggingReporter| 
>22:31:13,062 DEBUG port.LoggingReporter| TEST STEP 0 SUCCESS
+22:31:13,062 INFO  port.LoggingReporter| 
<22:31:13,062 DEBUG port.LoggingReporter| TEST STEP 0: send
s22:31:13,062 DEBUG ltCorrelationManager| Saving correlation key for 'citrus_message_correlator_yellowDuckService'
±22:31:13,062 DEBUG  context.TestContext| Setting variable: citrus_message_correlator_yellowDuckService with value: 'citrus_message_id = '58db2eb0-bb6c-4256-817b-96fcbd2581b7''
æ22:31:13,062 DEBUG  context.TestContext| Setting variable: citrus_message_replyTo_citrus_message_correlator_yellowDuckService with value: 'http://localhost:2222/api/duck/action/fly?id=123'
v22:31:13,062 INFO     client.HttpClient| Sending HTTP message to: 'http://localhost:2222/api/duck/action/fly?id=123'
:22:31:13,062 DEBUG    client.HttpClient| Message to send:

G22:31:13,077 DEBUG ingClientInterceptor| Sending Http request message
H22:31:13,077 DEBUG   util.TypeConverter| Using type converter 'spring'
I22:31:13,107 DEBUG ingClientInterceptor| Received Http response message
H22:31:13,107 DEBUG   util.TypeConverter| Using type converter 'spring'
Ä22:31:13,107 INFO     client.HttpClient| HTTP message was sent to endpoint: 'http://localhost:2222/api/duck/action/fly?id=123'
Ñ22:31:13,107 DEBUG ltCorrelationManager| Saving correlated object for 'citrus_message_id = '58db2eb0-bb6c-4256-817b-96fcbd2581b7''
+22:31:13,107 INFO  port.LoggingReporter| 
>22:31:13,107 DEBUG port.LoggingReporter| TEST STEP 0 SUCCESS
n22:31:13,107 DEBUG       util.FileUtils| Reading file resource: 'unsuccessfulFly.json' (encoding is 'UTF-8')
+22:31:13,123 INFO  port.LoggingReporter| 
?22:31:13,123 DEBUG port.LoggingReporter| TEST STEP 0: receive
p22:31:13,123 DEBUG ngCorrelationManager| Get correlation key for 'citrus_message_correlator_yellowDuckService'
Ö22:31:13,123 DEBUG ltCorrelationManager| Finding correlated object for 'citrus_message_id = '58db2eb0-bb6c-4256-817b-96fcbd2581b7''
;22:31:13,123 DEBUG ReceiveMessageAction| Received message:
CHTTPMESSAGE [id: 978a2f88-5f33-47b1-9fd2-5792e72b00a2, payload: {
!  "message": "I can not fly :C"
‚}][headers: {Transfer-Encoding=chunked, Connection=keep-alive, contentType=application/json, Date=1738251072000, citrus_message_id=978a2f88-5f33-47b1-9fd2-5792e72b00a2, citrus_message_timestamp=1738251073107, Keep-Alive=timeout=60, Content-Type=application/json, citrus_http_status_code=200, citrus_http_reason_phrase=OK, citrus_http_version=HTTP/1.1}]
:22:31:13,123 DEBUG ReceiveMessageAction| Control message:
CHTTPMESSAGE [id: d3aece38-f175-4657-8fc7-12a9d10787b6, payload: {

  "message": "I can‚Äôt fly"
‚}][headers: {citrus_message_id=d3aece38-f175-4657-8fc7-12a9d10787b6, citrus_message_timestamp=1738251073107, citrus_http_reason_phrase=OK, citrus_http_status_code=200, Content-Type=application/json, citrus_message_type=XML}]
Q22:31:13,123 DEBUG ageValidatorRegistry| Found 3 message validators for message
N22:31:13,123 DEBUG ssageHeaderValidator| Start message header validation ...
i22:31:13,123 DEBUG faultHeaderValidator| Validating header element: citrus_http_reason_phrase='OK': OK.
h22:31:13,138 DEBUG faultHeaderValidator| Validating header element: citrus_http_status_code='200': OK.
j22:31:13,138 DEBUG faultHeaderValidator| Validating header element: Content-Type='application/json': OK.
^22:31:13,138 INFO  ssageHeaderValidator| Message header validation successful: All values OK
L22:31:13,138 DEBUG TextMessageValidator| Start JSON message validation ...
N22:31:13,138 DEBUG JsonSchemaValidation| Starting Json schema validation ...
[22:31:13,138 INFO  JsonSchemaValidation| Json schema validation successful: All values OK
N22:31:13,154 DEBUG trus.DefaultTestCase| Entering finally block in test case
+22:31:13,154 INFO  port.LoggingReporter| 
i22:31:13,154 DEBUG port.LoggingReporter| TEST STEP 0: DuckActionsTestFly$$Lambda$647/0x00000008404fbc40
+22:31:13,154 INFO  port.LoggingReporter| 
;22:31:13,154 DEBUG port.LoggingReporter| TEST STEP 0: sql
a22:31:13,154 DEBUG ons.ExecuteSQLAction| Executing SQL statement: DELETE FROM DUCK WHERE ID=123
M22:31:13,154 INFO  ons.ExecuteSQLAction| SQL statement execution successful
+22:31:13,170 INFO  port.LoggingReporter| 
>22:31:13,170 DEBUG port.LoggingReporter| TEST STEP 0 SUCCESS
+22:31:13,170 INFO  port.LoggingReporter| 
>22:31:13,170 DEBUG port.LoggingReporter| TEST STEP 0 SUCCESS
+22:31:13,170 INFO  port.LoggingReporter| 
Å22:31:13,170 ERROR port.LoggingReporter| TEST FAILED DuckActionsTestFly.unsuccessfulFly <autotests.tests> Nested exception is: 
Qcom.consol.citrus.exceptions.ValidationException: Failed to validate JSON text:
{{"message":"I can not fly :C"} Values not equal for entry: 'message', expected 'I can‚Äôt fly' but was 'I can not fly :C'
s	at com.consol.citrus.validation.json.JsonTextMessageValidator.validateMessage(JsonTextMessageValidator.java:114)
r	at com.consol.citrus.validation.json.JsonTextMessageValidator.validateMessage(JsonTextMessageValidator.java:58)
m	at com.consol.citrus.validation.AbstractMessageValidator.validateMessage(AbstractMessageValidator.java:46)
c	at com.consol.citrus.actions.ReceiveMessageAction.validateMessage(ReceiveMessageAction.java:279)
]	at com.consol.citrus.actions.ReceiveMessageAction.doExecute(ReceiveMessageAction.java:168)
V	at com.consol.citrus.actions.AbstractTestAction.execute(AbstractTestAction.java:59)
O	at com.consol.citrus.DefaultTestCase.executeAction(DefaultTestCase.java:136)
Q	at com.consol.citrus.DefaultTestCaseRunner.run(DefaultTestCaseRunner.java:125)
D	at com.consol.citrus.TestActionRunner.$(TestActionRunner.java:35)
H	at autotests.clients.DuckClient.validateResponse(DuckClient.java:141)
T	at autotests.tests.DuckActionsTestFly.unsuccessfulFly(DuckActionsTestFly.java:44)
T	at java.base/jdk.internal.reflect.NativeMethodAccessorImpl.invoke0(Native Method)
f	at java.base/jdk.internal.reflect.NativeMethodAccessorImpl.invoke(NativeMethodAccessorImpl.java:62)
n	at java.base/jdk.internal.reflect.DelegatingMethodAccessorImpl.invoke(DelegatingMethodAccessorImpl.java:43)
@	at java.base/java.lang.reflect.Method.invoke(Method.java:566)
U	at org.springframework.util.ReflectionUtils.invokeMethod(ReflectionUtils.java:282)
[	at com.consol.citrus.testng.TestNGHelper.lambda$invokeTestMethod$1(TestNGHelper.java:82)
\	at com.consol.citrus.common.DefaultTestLoader.lambda$doLoad$1(DefaultTestLoader.java:116)
@	at java.base/java.util.ArrayList.forEach(ArrayList.java:1541)
S	at com.consol.citrus.common.DefaultTestLoader.doLoad(DefaultTestLoader.java:116)
P	at com.consol.citrus.common.DefaultTestLoader.load(DefaultTestLoader.java:94)
R	at com.consol.citrus.testng.TestNGHelper.invokeTestMethod(TestNGHelper.java:83)
g	at com.consol.citrus.testng.spring.TestNGCitrusSpringSupport.run(TestNGCitrusSpringSupport.java:185)
g	at com.consol.citrus.testng.spring.TestNGCitrusSpringSupport.run(TestNGCitrusSpringSupport.java:101)
i	at org.testng.internal.invokers.MethodInvocationHelper.invokeHookable(MethodInvocationHelper.java:272)
Q	at org.testng.internal.invokers.TestInvoker.invokeMethod(TestInvoker.java:669)
U	at org.testng.internal.invokers.TestInvoker.invokeTestMethod(TestInvoker.java:221)
S	at org.testng.internal.invokers.MethodRunner.runInSequence(MethodRunner.java:50)
a	at org.testng.internal.invokers.TestInvoker$MethodInvocationAgent.invoke(TestInvoker.java:969)
V	at org.testng.internal.invokers.TestInvoker.invokeTestMethods(TestInvoker.java:194)
`	at org.testng.internal.invokers.TestMethodWorker.invokeTestMethods(TestMethodWorker.java:148)
R	at org.testng.internal.invokers.TestMethodWorker.run(TestMethodWorker.java:128)
@	at java.base/java.util.ArrayList.forEach(ArrayList.java:1541)
;	at org.testng.TestRunner.privateRun(TestRunner.java:829)
4	at org.testng.TestRunner.run(TestRunner.java:602)
:	at org.testng.SuiteRunner.runTest(SuiteRunner.java:437)
B	at org.testng.SuiteRunner.runSequentially(SuiteRunner.java:431)
=	at org.testng.SuiteRunner.privateRun(SuiteRunner.java:391)
6	at org.testng.SuiteRunner.run(SuiteRunner.java:330)
F	at org.testng.SuiteRunnerWorker.runSuite(SuiteRunnerWorker.java:52)
A	at org.testng.SuiteRunnerWorker.run(SuiteRunnerWorker.java:95)
?	at org.testng.TestNG.runSuitesSequentially(TestNG.java:1256)
:	at org.testng.TestNG.runSuitesLocally(TestNG.java:1176)
3	at org.testng.TestNG.runSuites(TestNG.java:1099)
-	at org.testng.TestNG.run(TestNG.java:1067)
w	at org.gradle.api.internal.tasks.testing.testng.TestNGTestClassProcessor.runTests(TestNGTestClassProcessor.java:153)
r	at org.gradle.api.internal.tasks.testing.testng.TestNGTestClassProcessor.stop(TestNGTestClassProcessor.java:96)
i	at org.gradle.api.internal.tasks.testing.SuiteTestClassProcessor.stop(SuiteTestClassProcessor.java:62)
T	at java.base/jdk.internal.reflect.NativeMethodAccessorImpl.invoke0(Native Method)
f	at java.base/jdk.internal.reflect.NativeMethodAccessorImpl.invoke(NativeMethodAccessorImpl.java:62)
n	at java.base/jdk.internal.reflect.DelegatingMethodAccessorImpl.invoke(DelegatingMethodAccessorImpl.java:43)
@	at java.base/java.lang.reflect.Method.invoke(Method.java:566)
Z	at org.gradle.internal.dispatch.ReflectionDispatch.dispatch(ReflectionDispatch.java:36)
Z	at org.gradle.internal.dispatch.ReflectionDispatch.dispatch(ReflectionDispatch.java:24)
j	at org.gradle.internal.dispatch.ContextClassLoaderDispatch.dispatch(ContextClassLoaderDispatch.java:33)
y	at org.gradle.internal.dispatch.ProxyDispatchAdapter$DispatchingInvocationHandler.invoke(ProxyDispatchAdapter.java:94)
0	at com.sun.proxy.$Proxy2.stop(Unknown Source)
X	at org.gradle.api.internal.tasks.testing.worker.TestWorker$3.run(TestWorker.java:193)
o	at org.gradle.api.internal.tasks.testing.worker.TestWorker.executeAndMaintainThreadName(TestWorker.java:129)
Z	at org.gradle.api.internal.tasks.testing.worker.TestWorker.execute(TestWorker.java:100)
Y	at org.gradle.api.internal.tasks.testing.worker.TestWorker.execute(TestWorker.java:60)
k	at org.gradle.process.internal.worker.child.ActionExecutionWorker.execute(ActionExecutionWorker.java:56)
É	at org.gradle.process.internal.worker.child.SystemApplicationClassLoaderWorker.call(SystemApplicationClassLoaderWorker.java:119)
Ç	at org.gradle.process.internal.worker.child.SystemApplicationClassLoaderWorker.call(SystemApplicationClassLoaderWorker.java:66)
^	at worker.org.gradle.process.internal.worker.GradleWorkerMain.run(GradleWorkerMain.java:69)
_	at worker.org.gradle.process.internal.worker.GradleWorkerMain.main(GradleWorkerMain.java:74)
ãCaused by: java.lang.IllegalArgumentException: Values not equal for entry: 'message', expected 'I can‚Äôt fly' but was 'I can not fly :C'
=	at org.springframework.util.Assert.isTrue(Assert.java:121)
p	at com.consol.citrus.validation.json.JsonTextMessageValidator.validateJson(JsonTextMessageValidator.java:211)
s	at com.consol.citrus.validation.json.JsonTextMessageValidator.validateMessage(JsonTextMessageValidator.java:102)
	... 65 more
s22:31:13,185 INFO  port.LoggingReporter| ------------------------------------------------------------------------
+22:31:13,185 INFO  port.LoggingReporter| 
H22:31:13,248 DEBUG   util.TypeConverter| Using type converter 'spring'
+22:31:13,279 INFO  port.LoggingReporter| 
s22:31:13,279 INFO  port.LoggingReporter| ------------------------------------------------------------------------
n22:31:13,279 DEBUG port.LoggingReporter| STARTING TEST DuckActionsTestFly.unsuccessfulFly2 <autotests.tests>
+22:31:13,279 INFO  port.LoggingReporter| 
A22:31:13,279 DEBUG trus.DefaultTestCase| Initializing test case
22:31:13,279 DEBUG  context.TestContext| Setting variable: citrus.test.name with value: 'DuckActionsTestFly.unsuccessfulFly2'
n22:31:13,279 DEBUG  context.TestContext| Setting variable: citrus.test.package with value: 'autotests.tests'
Y22:31:13,279 DEBUG trus.DefaultTestCase| Initializing test parameter 'arg0' as variable
Ä22:31:13,279 DEBUG  context.TestContext| Setting variable: arg0 with value: 'com.consol.citrus.DefaultTestCaseRunner@59d29065'
:22:31:13,279 DEBUG trus.DefaultTestCase| Test variables:
P22:31:13,279 DEBUG trus.DefaultTestCase| citrus.test.package = autotests.tests
b22:31:13,279 DEBUG trus.DefaultTestCase| arg0 = com.consol.citrus.DefaultTestCaseRunner@59d29065
a22:31:13,279 DEBUG trus.DefaultTestCase| citrus.test.name = DuckActionsTestFly.unsuccessfulFly2
U22:31:13,279 DEBUG  context.TestContext| Setting variable: duckId with value: '123'
+22:31:13,279 INFO  port.LoggingReporter| 
;22:31:13,279 DEBUG port.LoggingReporter| TEST STEP 0: sql
Ö22:31:13,279 DEBUG ons.ExecuteSQLAction| Executing SQL statement: insert into DUCK (id, color, height, material, sound, wings_state)
<values (123, 'yellow', 1.0, 'rubber', 'quack','UNDEFINED')
M22:31:13,295 INFO  ons.ExecuteSQLAction| SQL statement execution successful
+22:31:13,295 INFO  port.LoggingReporter| 
>22:31:13,295 DEBUG port.LoggingReporter| TEST STEP 0 SUCCESS
+22:31:13,295 INFO  port.LoggingReporter| 
<22:31:13,295 DEBUG port.LoggingReporter| TEST STEP 0: send
s22:31:13,295 DEBUG ltCorrelationManager| Saving correlation key for 'citrus_message_correlator_yellowDuckService'
±22:31:13,295 DEBUG  context.TestContext| Setting variable: citrus_message_correlator_yellowDuckService with value: 'citrus_message_id = '36e345a2-c363-4a13-8eb3-9765eae810dc''
æ22:31:13,295 DEBUG  context.TestContext| Setting variable: citrus_message_replyTo_citrus_message_correlator_yellowDuckService with value: 'http://localhost:2222/api/duck/action/fly?id=123'
v22:31:13,295 INFO     client.HttpClient| Sending HTTP message to: 'http://localhost:2222/api/duck/action/fly?id=123'
:22:31:13,295 DEBUG    client.HttpClient| Message to send:

G22:31:13,295 DEBUG ingClientInterceptor| Sending Http request message
H22:31:13,310 DEBUG   util.TypeConverter| Using type converter 'spring'
I22:31:13,326 DEBUG ingClientInterceptor| Received Http response message
H22:31:13,326 DEBUG   util.TypeConverter| Using type converter 'spring'
Ä22:31:13,326 INFO     client.HttpClient| HTTP message was sent to endpoint: 'http://localhost:2222/api/duck/action/fly?id=123'
Ñ22:31:13,326 DEBUG ltCorrelationManager| Saving correlated object for 'citrus_message_id = '36e345a2-c363-4a13-8eb3-9765eae810dc''
+22:31:13,326 INFO  port.LoggingReporter| 
>22:31:13,326 DEBUG port.LoggingReporter| TEST STEP 0 SUCCESS
n22:31:13,326 DEBUG       util.FileUtils| Reading file resource: 'unsuccessfulFly.json' (encoding is 'UTF-8')
+22:31:13,342 INFO  port.LoggingReporter| 
?22:31:13,342 DEBUG port.LoggingReporter| TEST STEP 0: receive
p22:31:13,342 DEBUG ngCorrelationManager| Get correlation key for 'citrus_message_correlator_yellowDuckService'
Ö22:31:13,342 DEBUG ltCorrelationManager| Finding correlated object for 'citrus_message_id = '36e345a2-c363-4a13-8eb3-9765eae810dc''
;22:31:13,367 DEBUG ReceiveMessageAction| Received message:
CHTTPMESSAGE [id: 89d1d5af-6f08-49e6-b1cc-2785fce31b9b, payload: {
*  "message": "Wings are not detected :("
‚}][headers: {Transfer-Encoding=chunked, Connection=keep-alive, contentType=application/json, Date=1738251072000, citrus_message_id=89d1d5af-6f08-49e6-b1cc-2785fce31b9b, citrus_message_timestamp=1738251073326, Keep-Alive=timeout=60, Content-Type=application/json, citrus_http_status_code=200, citrus_http_reason_phrase=OK, citrus_http_version=HTTP/1.1}]
:22:31:13,367 DEBUG ReceiveMessageAction| Control message:
CHTTPMESSAGE [id: 8f2fa5cf-e0a1-443c-a4ff-48e9730182e9, payload: {

  "message": "I can‚Äôt fly"
‚}][headers: {citrus_message_id=8f2fa5cf-e0a1-443c-a4ff-48e9730182e9, citrus_message_timestamp=1738251073326, citrus_http_reason_phrase=OK, citrus_http_status_code=200, Content-Type=application/json, citrus_message_type=XML}]
Q22:31:13,367 DEBUG ageValidatorRegistry| Found 3 message validators for message
N22:31:13,367 DEBUG ssageHeaderValidator| Start message header validation ...
i22:31:13,367 DEBUG faultHeaderValidator| Validating header element: citrus_http_reason_phrase='OK': OK.
h22:31:13,382 DEBUG faultHeaderValidator| Validating header element: citrus_http_status_code='200': OK.
j22:31:13,382 DEBUG faultHeaderValidator| Validating header element: Content-Type='application/json': OK.
^22:31:13,382 INFO  ssageHeaderValidator| Message header validation successful: All values OK
L22:31:13,382 DEBUG TextMessageValidator| Start JSON message validation ...
N22:31:13,382 DEBUG JsonSchemaValidation| Starting Json schema validation ...
[22:31:13,382 INFO  JsonSchemaValidation| Json schema validation successful: All values OK
N22:31:13,382 DEBUG trus.DefaultTestCase| Entering finally block in test case
+22:31:13,382 INFO  port.LoggingReporter| 
i22:31:13,382 DEBUG port.LoggingReporter| TEST STEP 0: DuckActionsTestFly$$Lambda$648/0x00000008404fec40
+22:31:13,398 INFO  port.LoggingReporter| 
;22:31:13,398 DEBUG port.LoggingReporter| TEST STEP 0: sql
a22:31:13,398 DEBUG ons.ExecuteSQLAction| Executing SQL statement: DELETE FROM DUCK WHERE ID=123
M22:31:13,398 INFO  ons.ExecuteSQLAction| SQL statement execution successful
+22:31:13,398 INFO  port.LoggingReporter| 
>22:31:13,398 DEBUG port.LoggingReporter| TEST STEP 0 SUCCESS
+22:31:13,398 INFO  port.LoggingReporter| 
>22:31:13,398 DEBUG port.LoggingReporter| TEST STEP 0 SUCCESS
+22:31:13,398 INFO  port.LoggingReporter| 
Ç22:31:13,398 ERROR port.LoggingReporter| TEST FAILED DuckActionsTestFly.unsuccessfulFly2 <autotests.tests> Nested exception is: 
Qcom.consol.citrus.exceptions.ValidationException: Failed to validate JSON text:
ç{"message":"Wings are not detected :("} Values not equal for entry: 'message', expected 'I can‚Äôt fly' but was 'Wings are not detected :('
s	at com.consol.citrus.validation.json.JsonTextMessageValidator.validateMessage(JsonTextMessageValidator.java:114)
r	at com.consol.citrus.validation.json.JsonTextMessageValidator.validateMessage(JsonTextMessageValidator.java:58)
m	at com.consol.citrus.validation.AbstractMessageValidator.validateMessage(AbstractMessageValidator.java:46)
c	at com.consol.citrus.actions.ReceiveMessageAction.validateMessage(ReceiveMessageAction.java:279)
]	at com.consol.citrus.actions.ReceiveMessageAction.doExecute(ReceiveMessageAction.java:168)
V	at com.consol.citrus.actions.AbstractTestAction.execute(AbstractTestAction.java:59)
O	at com.consol.citrus.DefaultTestCase.executeAction(DefaultTestCase.java:136)
Q	at com.consol.citrus.DefaultTestCaseRunner.run(DefaultTestCaseRunner.java:125)
D	at com.consol.citrus.TestActionRunner.$(TestActionRunner.java:35)
H	at autotests.clients.DuckClient.validateResponse(DuckClient.java:141)
U	at autotests.tests.DuckActionsTestFly.unsuccessfulFly2(DuckActionsTestFly.java:57)
T	at java.base/jdk.internal.reflect.NativeMethodAccessorImpl.invoke0(Native Method)
f	at java.base/jdk.internal.reflect.NativeMethodAccessorImpl.invoke(NativeMethodAccessorImpl.java:62)
n	at java.base/jdk.internal.reflect.DelegatingMethodAccessorImpl.invoke(DelegatingMethodAccessorImpl.java:43)
@	at java.base/java.lang.reflect.Method.invoke(Method.java:566)
U	at org.springframework.util.ReflectionUtils.invokeMethod(ReflectionUtils.java:282)
[	at com.consol.citrus.testng.TestNGHelper.lambda$invokeTestMethod$1(TestNGHelper.java:82)
\	at com.consol.citrus.common.DefaultTestLoader.lambda$doLoad$1(DefaultTestLoader.java:116)
@	at java.base/java.util.ArrayList.forEach(ArrayList.java:1541)
S	at com.consol.citrus.common.DefaultTestLoader.doLoad(DefaultTestLoader.java:116)
P	at com.consol.citrus.common.DefaultTestLoader.load(DefaultTestLoader.java:94)
R	at com.consol.citrus.testng.TestNGHelper.invokeTestMethod(TestNGHelper.java:83)
g	at com.consol.citrus.testng.spring.TestNGCitrusSpringSupport.run(TestNGCitrusSpringSupport.java:185)
g	at com.consol.citrus.testng.spring.TestNGCitrusSpringSupport.run(TestNGCitrusSpringSupport.java:101)
i	at org.testng.internal.invokers.MethodInvocationHelper.invokeHookable(MethodInvocationHelper.java:272)
Q	at org.testng.internal.invokers.TestInvoker.invokeMethod(TestInvoker.java:669)
U	at org.testng.internal.invokers.TestInvoker.invokeTestMethod(TestInvoker.java:221)
S	at org.testng.internal.invokers.MethodRunner.runInSequence(MethodRunner.java:50)
a	at org.testng.internal.invokers.TestInvoker$MethodInvocationAgent.invoke(TestInvoker.java:969)
V	at org.testng.internal.invokers.TestInvoker.invokeTestMethods(TestInvoker.java:194)
`	at org.testng.internal.invokers.TestMethodWorker.invokeTestMethods(TestMethodWorker.java:148)
R	at org.testng.internal.invokers.TestMethodWorker.run(TestMethodWorker.java:128)
@	at java.base/java.util.ArrayList.forEach(ArrayList.java:1541)
;	at org.testng.TestRunner.privateRun(TestRunner.java:829)
4	at org.testng.TestRunner.run(TestRunner.java:602)
:	at org.testng.SuiteRunner.runTest(SuiteRunner.java:437)
B	at org.testng.SuiteRunner.runSequentially(SuiteRunner.java:431)
=	at org.testng.SuiteRunner.privateRun(SuiteRunner.java:391)
6	at org.testng.SuiteRunner.run(SuiteRunner.java:330)
F	at org.testng.SuiteRunnerWorker.runSuite(SuiteRunnerWorker.java:52)
A	at org.testng.SuiteRunnerWorker.run(SuiteRunnerWorker.java:95)
?	at org.testng.TestNG.runSuitesSequentially(TestNG.java:1256)
:	at org.testng.TestNG.runSuitesLocally(TestNG.java:1176)
3	at org.testng.TestNG.runSuites(TestNG.java:1099)
-	at org.testng.TestNG.run(TestNG.java:1067)
w	at org.gradle.api.internal.tasks.testing.testng.TestNGTestClassProcessor.runTests(TestNGTestClassProcessor.java:153)
r	at org.gradle.api.internal.tasks.testing.testng.TestNGTestClassProcessor.stop(TestNGTestClassProcessor.java:96)
i	at org.gradle.api.internal.tasks.testing.SuiteTestClassProcessor.stop(SuiteTestClassProcessor.java:62)
T	at java.base/jdk.internal.reflect.NativeMethodAccessorImpl.invoke0(Native Method)
f	at java.base/jdk.internal.reflect.NativeMethodAccessorImpl.invoke(NativeMethodAccessorImpl.java:62)
n	at java.base/jdk.internal.reflect.DelegatingMethodAccessorImpl.invoke(DelegatingMethodAccessorImpl.java:43)
@	at java.base/java.lang.reflect.Method.invoke(Method.java:566)
Z	at org.gradle.internal.dispatch.ReflectionDispatch.dispatch(ReflectionDispatch.java:36)
Z	at org.gradle.internal.dispatch.ReflectionDispatch.dispatch(ReflectionDispatch.java:24)
j	at org.gradle.internal.dispatch.ContextClassLoaderDispatch.dispatch(ContextClassLoaderDispatch.java:33)
y	at org.gradle.internal.dispatch.ProxyDispatchAdapter$DispatchingInvocationHandler.invoke(ProxyDispatchAdapter.java:94)
0	at com.sun.proxy.$Proxy2.stop(Unknown Source)
X	at org.gradle.api.internal.tasks.testing.worker.TestWorker$3.run(TestWorker.java:193)
o	at org.gradle.api.internal.tasks.testing.worker.TestWorker.executeAndMaintainThreadName(TestWorker.java:129)
Z	at org.gradle.api.internal.tasks.testing.worker.TestWorker.execute(TestWorker.java:100)
Y	at org.gradle.api.internal.tasks.testing.worker.TestWorker.execute(TestWorker.java:60)
k	at org.gradle.process.internal.worker.child.ActionExecutionWorker.execute(ActionExecutionWorker.java:56)
É	at org.gradle.process.internal.worker.child.SystemApplicationClassLoaderWorker.call(SystemApplicationClassLoaderWorker.java:119)
Ç	at org.gradle.process.internal.worker.child.SystemApplicationClassLoaderWorker.call(SystemApplicationClassLoaderWorker.java:66)
^	at worker.org.gradle.process.internal.worker.GradleWorkerMain.run(GradleWorkerMain.java:69)
_	at worker.org.gradle.process.internal.worker.GradleWorkerMain.main(GradleWorkerMain.java:74)
îCaused by: java.lang.IllegalArgumentException: Values not equal for entry: 'message', expected 'I can‚Äôt fly' but was 'Wings are not detected :('
=	at org.springframework.util.Assert.isTrue(Assert.java:121)
p	at com.consol.citrus.validation.json.JsonTextMessageValidator.validateJson(JsonTextMessageValidator.java:211)
s	at com.consol.citrus.validation.json.JsonTextMessageValidator.validateMessage(JsonTextMessageValidator.java:102)
	... 65 more
s22:31:13,414 INFO  port.LoggingReporter| ------------------------------------------------------------------------
+22:31:13,414 INFO  port.LoggingReporter| 
H22:31:13,507 DEBUG   util.TypeConverter| Using type converter 'spring'
+22:31:13,538 INFO  port.LoggingReporter| 
s22:31:13,538 INFO  port.LoggingReporter| ------------------------------------------------------------------------
22:31:13,538 DEBUG port.LoggingReporter| STARTING TEST DuckActionsTestProperties.successfulPropertiesRubber <autotests.tests>
+22:31:13,538 INFO  port.LoggingReporter| 
A22:31:13,538 DEBUG trus.DefaultTestCase| Initializing test case
ê22:31:13,552 DEBUG  context.TestContext| Setting variable: citrus.test.name with value: 'DuckActionsTestProperties.successfulPropertiesRubber'
n22:31:13,552 DEBUG  context.TestContext| Setting variable: citrus.test.package with value: 'autotests.tests'
Y22:31:13,552 DEBUG trus.DefaultTestCase| Initializing test parameter 'arg0' as variable
Ä22:31:13,552 DEBUG  context.TestContext| Setting variable: arg0 with value: 'com.consol.citrus.DefaultTestCaseRunner@351d726c'
:22:31:13,552 DEBUG trus.DefaultTestCase| Test variables:
P22:31:13,552 DEBUG trus.DefaultTestCase| citrus.test.package = autotests.tests
b22:31:13,552 DEBUG trus.DefaultTestCase| arg0 = com.consol.citrus.DefaultTestCaseRunner@351d726c
r22:31:13,552 DEBUG trus.DefaultTestCase| citrus.test.name = DuckActionsTestProperties.successfulPropertiesRubber
U22:31:13,552 DEBUG  context.TestContext| Setting variable: duckId with value: '123'
+22:31:13,552 INFO  port.LoggingReporter| 
;22:31:13,552 DEBUG port.LoggingReporter| TEST STEP 0: sql
Ö22:31:13,552 DEBUG ons.ExecuteSQLAction| Executing SQL statement: insert into DUCK (id, color, height, material, sound, wings_state)
9values (123, 'yellow', 1.0, 'rubber', 'quack','ACTIVE')
M22:31:13,584 INFO  ons.ExecuteSQLAction| SQL statement execution successful
+22:31:13,584 INFO  port.LoggingReporter| 
>22:31:13,584 DEBUG port.LoggingReporter| TEST STEP 0 SUCCESS
+22:31:13,584 INFO  port.LoggingReporter| 
<22:31:13,584 DEBUG port.LoggingReporter| TEST STEP 0: send
s22:31:13,599 DEBUG ltCorrelationManager| Saving correlation key for 'citrus_message_correlator_yellowDuckService'
±22:31:13,599 DEBUG  context.TestContext| Setting variable: citrus_message_correlator_yellowDuckService with value: 'citrus_message_id = '48316a01-b48c-4141-8d8b-adabb7f67b03''
≈22:31:13,599 DEBUG  context.TestContext| Setting variable: citrus_message_replyTo_citrus_message_correlator_yellowDuckService with value: 'http://localhost:2222/api/duck/action/properties?id=123'
}22:31:13,599 INFO     client.HttpClient| Sending HTTP message to: 'http://localhost:2222/api/duck/action/properties?id=123'
:22:31:13,599 DEBUG    client.HttpClient| Message to send:

G22:31:13,599 DEBUG ingClientInterceptor| Sending Http request message
H22:31:13,599 DEBUG   util.TypeConverter| Using type converter 'spring'
I22:31:13,615 DEBUG ingClientInterceptor| Received Http response message
H22:31:13,615 DEBUG   util.TypeConverter| Using type converter 'spring'
á22:31:13,630 INFO     client.HttpClient| HTTP message was sent to endpoint: 'http://localhost:2222/api/duck/action/properties?id=123'
Ñ22:31:13,630 DEBUG ltCorrelationManager| Saving correlated object for 'citrus_message_id = '48316a01-b48c-4141-8d8b-adabb7f67b03''
+22:31:13,630 INFO  port.LoggingReporter| 
>22:31:13,630 DEBUG port.LoggingReporter| TEST STEP 0 SUCCESS
+22:31:13,630 INFO  port.LoggingReporter| 
?22:31:13,630 DEBUG port.LoggingReporter| TEST STEP 0: receive
p22:31:13,630 DEBUG ngCorrelationManager| Get correlation key for 'citrus_message_correlator_yellowDuckService'
Ö22:31:13,630 DEBUG ltCorrelationManager| Finding correlated object for 'citrus_message_id = '48316a01-b48c-4141-8d8b-adabb7f67b03''
;22:31:13,630 DEBUG ReceiveMessageAction| Received message:
CHTTPMESSAGE [id: 2935b132-2d74-4ab0-b8b2-231a427d9b02, payload: {
  "color": "yellow",
  "height": 100.0,
  "material": "rubber",
  "sound": "quack",
  "wingsState": "ACTIVE"
‚}][headers: {Transfer-Encoding=chunked, Connection=keep-alive, contentType=application/json, Date=1738251072000, citrus_message_id=2935b132-2d74-4ab0-b8b2-231a427d9b02, citrus_message_timestamp=1738251073630, Keep-Alive=timeout=60, Content-Type=application/json, citrus_http_status_code=200, citrus_http_reason_phrase=OK, citrus_http_version=HTTP/1.1}]
:22:31:13,714 DEBUG ReceiveMessageAction| Control message:
CHTTPMESSAGE [id: 60a3605d-90a2-441b-93d6-93db751f29eb, payload: {
  "color": "yellow",
  "height": 100.0,
  "material": "rubber",
  "sound": "quack",
  "wingsState": "ACTIVE"
‚}][headers: {citrus_message_id=60a3605d-90a2-441b-93d6-93db751f29eb, citrus_message_timestamp=1738251073630, citrus_http_reason_phrase=OK, citrus_http_status_code=200, Content-Type=application/json, citrus_message_type=XML}]
Q22:31:13,714 DEBUG ageValidatorRegistry| Found 3 message validators for message
N22:31:13,714 DEBUG ssageHeaderValidator| Start message header validation ...
i22:31:13,714 DEBUG faultHeaderValidator| Validating header element: citrus_http_reason_phrase='OK': OK.
h22:31:13,730 DEBUG faultHeaderValidator| Validating header element: citrus_http_status_code='200': OK.
j22:31:13,732 DEBUG faultHeaderValidator| Validating header element: Content-Type='application/json': OK.
^22:31:13,732 INFO  ssageHeaderValidator| Message header validation successful: All values OK
L22:31:13,732 DEBUG TextMessageValidator| Start JSON message validation ...
N22:31:13,732 DEBUG JsonSchemaValidation| Starting Json schema validation ...
[22:31:13,732 INFO  JsonSchemaValidation| Json schema validation successful: All values OK
`22:31:13,732 DEBUG TextMessageValidator| Validation successful for JSON entry 'color' (yellow)
c22:31:13,732 DEBUG TextMessageValidator| Validation successful for JSON entry 'material' (rubber)
e22:31:13,732 DEBUG TextMessageValidator| Validation successful for JSON entry 'wingsState' (ACTIVE)
_22:31:13,732 DEBUG TextMessageValidator| Validation successful for JSON entry 'sound' (quack)
`22:31:13,732 DEBUG TextMessageValidator| Validation successful for JSON entry 'height' (100.0)
\22:31:13,732 INFO  TextMessageValidator| JSON message validation successful: All values OK
+22:31:13,732 INFO  port.LoggingReporter| 
>22:31:13,732 DEBUG port.LoggingReporter| TEST STEP 0 SUCCESS
N22:31:13,747 DEBUG trus.DefaultTestCase| Entering finally block in test case
+22:31:13,747 INFO  port.LoggingReporter| 
p22:31:13,747 DEBUG port.LoggingReporter| TEST STEP 0: DuckActionsTestProperties$$Lambda$652/0x0000000840503840
+22:31:13,747 INFO  port.LoggingReporter| 
;22:31:13,747 DEBUG port.LoggingReporter| TEST STEP 0: sql
a22:31:13,747 DEBUG ons.ExecuteSQLAction| Executing SQL statement: DELETE FROM DUCK WHERE ID=123
M22:31:13,747 INFO  ons.ExecuteSQLAction| SQL statement execution successful
+22:31:13,747 INFO  port.LoggingReporter| 
>22:31:13,747 DEBUG port.LoggingReporter| TEST STEP 0 SUCCESS
+22:31:13,747 INFO  port.LoggingReporter| 
>22:31:13,747 DEBUG port.LoggingReporter| TEST STEP 0 SUCCESS
+22:31:13,747 INFO  port.LoggingReporter| 
~22:31:13,747 INFO  port.LoggingReporter| TEST SUCCESS DuckActionsTestProperties.successfulPropertiesRubber (autotests.tests)
s22:31:13,747 INFO  port.LoggingReporter| ------------------------------------------------------------------------
+22:31:13,747 INFO  port.LoggingReporter| 
H22:31:13,802 DEBUG   util.TypeConverter| Using type converter 'spring'
+22:31:13,818 INFO  port.LoggingReporter| 
s22:31:13,818 INFO  port.LoggingReporter| ------------------------------------------------------------------------
22:31:13,818 DEBUG port.LoggingReporter| STARTING TEST DuckActionsTestProperties.unsuccessfulPropertiesWood <autotests.tests>
+22:31:13,818 INFO  port.LoggingReporter| 
A22:31:13,818 DEBUG trus.DefaultTestCase| Initializing test case
ê22:31:13,818 DEBUG  context.TestContext| Setting variable: citrus.test.name with value: 'DuckActionsTestProperties.unsuccessfulPropertiesWood'
n22:31:13,834 DEBUG  context.TestContext| Setting variable: citrus.test.package with value: 'autotests.tests'
Y22:31:13,834 DEBUG trus.DefaultTestCase| Initializing test parameter 'arg0' as variable
Ä22:31:13,834 DEBUG  context.TestContext| Setting variable: arg0 with value: 'com.consol.citrus.DefaultTestCaseRunner@1b53e6fc'
:22:31:13,834 DEBUG trus.DefaultTestCase| Test variables:
P22:31:13,834 DEBUG trus.DefaultTestCase| citrus.test.package = autotests.tests
b22:31:13,834 DEBUG trus.DefaultTestCase| arg0 = com.consol.citrus.DefaultTestCaseRunner@1b53e6fc
r22:31:13,834 DEBUG trus.DefaultTestCase| citrus.test.name = DuckActionsTestProperties.unsuccessfulPropertiesWood
U22:31:13,834 DEBUG  context.TestContext| Setting variable: duckId with value: '123'
+22:31:13,834 INFO  port.LoggingReporter| 
;22:31:13,834 DEBUG port.LoggingReporter| TEST STEP 0: sql
Ö22:31:13,834 DEBUG ons.ExecuteSQLAction| Executing SQL statement: insert into DUCK (id, color, height, material, sound, wings_state)
7values (123, 'yellow', 1.0, 'wood', 'quack','ACTIVE')
M22:31:13,834 INFO  ons.ExecuteSQLAction| SQL statement execution successful
+22:31:13,834 INFO  port.LoggingReporter| 
>22:31:13,834 DEBUG port.LoggingReporter| TEST STEP 0 SUCCESS
+22:31:13,849 INFO  port.LoggingReporter| 
<22:31:13,849 DEBUG port.LoggingReporter| TEST STEP 0: send
s22:31:13,849 DEBUG ltCorrelationManager| Saving correlation key for 'citrus_message_correlator_yellowDuckService'
±22:31:13,849 DEBUG  context.TestContext| Setting variable: citrus_message_correlator_yellowDuckService with value: 'citrus_message_id = '2fcd6693-fd44-4156-8737-8cb1f7f69857''
≈22:31:13,849 DEBUG  context.TestContext| Setting variable: citrus_message_replyTo_citrus_message_correlator_yellowDuckService with value: 'http://localhost:2222/api/duck/action/properties?id=123'
}22:31:13,849 INFO     client.HttpClient| Sending HTTP message to: 'http://localhost:2222/api/duck/action/properties?id=123'
:22:31:13,849 DEBUG    client.HttpClient| Message to send:

G22:31:13,849 DEBUG ingClientInterceptor| Sending Http request message
H22:31:13,849 DEBUG   util.TypeConverter| Using type converter 'spring'
I22:31:13,866 DEBUG ingClientInterceptor| Received Http response message
H22:31:13,881 DEBUG   util.TypeConverter| Using type converter 'spring'
á22:31:13,881 INFO     client.HttpClient| HTTP message was sent to endpoint: 'http://localhost:2222/api/duck/action/properties?id=123'
Ñ22:31:13,881 DEBUG ltCorrelationManager| Saving correlated object for 'citrus_message_id = '2fcd6693-fd44-4156-8737-8cb1f7f69857''
+22:31:13,881 INFO  port.LoggingReporter| 
>22:31:13,881 DEBUG port.LoggingReporter| TEST STEP 0 SUCCESS
+22:31:13,881 INFO  port.LoggingReporter| 
?22:31:13,881 DEBUG port.LoggingReporter| TEST STEP 0: receive
p22:31:13,881 DEBUG ngCorrelationManager| Get correlation key for 'citrus_message_correlator_yellowDuckService'
Ö22:31:13,881 DEBUG ltCorrelationManager| Finding correlated object for 'citrus_message_id = '2fcd6693-fd44-4156-8737-8cb1f7f69857''
;22:31:13,881 DEBUG ReceiveMessageAction| Received message:
£HTTPMESSAGE [id: 42fbd863-590d-4d02-8096-f9177a04f8e3, payload: {}][headers: {Transfer-Encoding=chunked, Connection=keep-alive, contentType=application/json, Date=1738251072000, citrus_message_id=42fbd863-590d-4d02-8096-f9177a04f8e3, citrus_message_timestamp=1738251073881, Keep-Alive=timeout=60, Content-Type=application/json, citrus_http_status_code=200, citrus_http_reason_phrase=OK, citrus_http_version=HTTP/1.1}]
:22:31:13,897 DEBUG ReceiveMessageAction| Control message:
CHTTPMESSAGE [id: 232e8d41-804f-48b8-abe0-53934a710c40, payload: {
  "color": "yellow",
  "height": 100.0,
  "material": "wood",
  "sound": "quack",
  "wingsState": "ACTIVE"
‚}][headers: {citrus_message_id=232e8d41-804f-48b8-abe0-53934a710c40, citrus_message_timestamp=1738251073881, citrus_http_reason_phrase=OK, citrus_http_status_code=200, Content-Type=application/json, citrus_message_type=XML}]
Q22:31:13,897 DEBUG ageValidatorRegistry| Found 3 message validators for message
N22:31:13,897 DEBUG ssageHeaderValidator| Start message header validation ...
i22:31:13,897 DEBUG faultHeaderValidator| Validating header element: citrus_http_reason_phrase='OK': OK.
h22:31:13,897 DEBUG faultHeaderValidator| Validating header element: citrus_http_status_code='200': OK.
j22:31:13,897 DEBUG faultHeaderValidator| Validating header element: Content-Type='application/json': OK.
^22:31:13,897 INFO  ssageHeaderValidator| Message header validation successful: All values OK
L22:31:13,897 DEBUG TextMessageValidator| Start JSON message validation ...
N22:31:13,897 DEBUG JsonSchemaValidation| Starting Json schema validation ...
[22:31:13,897 INFO  JsonSchemaValidation| Json schema validation successful: All values OK
N22:31:13,903 DEBUG trus.DefaultTestCase| Entering finally block in test case
+22:31:13,903 INFO  port.LoggingReporter| 
p22:31:13,903 DEBUG port.LoggingReporter| TEST STEP 0: DuckActionsTestProperties$$Lambda$656/0x0000000840507440
+22:31:13,903 INFO  port.LoggingReporter| 
;22:31:13,903 DEBUG port.LoggingReporter| TEST STEP 0: sql
a22:31:13,903 DEBUG ons.ExecuteSQLAction| Executing SQL statement: DELETE FROM DUCK WHERE ID=123
M22:31:13,909 INFO  ons.ExecuteSQLAction| SQL statement execution successful
+22:31:13,909 INFO  port.LoggingReporter| 
>22:31:13,909 DEBUG port.LoggingReporter| TEST STEP 0 SUCCESS
+22:31:13,909 INFO  port.LoggingReporter| 
>22:31:13,909 DEBUG port.LoggingReporter| TEST STEP 0 SUCCESS
+22:31:13,909 INFO  port.LoggingReporter| 
ì22:31:13,909 ERROR port.LoggingReporter| TEST FAILED DuckActionsTestProperties.unsuccessfulPropertiesWood <autotests.tests> Nested exception is: 
Qcom.consol.citrus.exceptions.ValidationException: Failed to validate JSON text:
Q{} Number of JSON entries not equal for element: '$.', expected '5' but was '0'
s	at com.consol.citrus.validation.json.JsonTextMessageValidator.validateMessage(JsonTextMessageValidator.java:114)
r	at com.consol.citrus.validation.json.JsonTextMessageValidator.validateMessage(JsonTextMessageValidator.java:58)
m	at com.consol.citrus.validation.AbstractMessageValidator.validateMessage(AbstractMessageValidator.java:46)
c	at com.consol.citrus.actions.ReceiveMessageAction.validateMessage(ReceiveMessageAction.java:279)
]	at com.consol.citrus.actions.ReceiveMessageAction.doExecute(ReceiveMessageAction.java:168)
V	at com.consol.citrus.actions.AbstractTestAction.execute(AbstractTestAction.java:59)
O	at com.consol.citrus.DefaultTestCase.executeAction(DefaultTestCase.java:136)
Q	at com.consol.citrus.DefaultTestCaseRunner.run(DefaultTestCaseRunner.java:125)
D	at com.consol.citrus.TestActionRunner.$(TestActionRunner.java:35)
R	at autotests.clients.DuckClient.validateResponseProperties(DuckClient.java:129)
m	at autotests.tests.DuckActionsTestProperties.unsuccessfulPropertiesWood(DuckActionsTestProperties.java:46)
T	at java.base/jdk.internal.reflect.NativeMethodAccessorImpl.invoke0(Native Method)
f	at java.base/jdk.internal.reflect.NativeMethodAccessorImpl.invoke(NativeMethodAccessorImpl.java:62)
n	at java.base/jdk.internal.reflect.DelegatingMethodAccessorImpl.invoke(DelegatingMethodAccessorImpl.java:43)
@	at java.base/java.lang.reflect.Method.invoke(Method.java:566)
U	at org.springframework.util.ReflectionUtils.invokeMethod(ReflectionUtils.java:282)
[	at com.consol.citrus.testng.TestNGHelper.lambda$invokeTestMethod$1(TestNGHelper.java:82)
\	at com.consol.citrus.common.DefaultTestLoader.lambda$doLoad$1(DefaultTestLoader.java:116)
@	at java.base/java.util.ArrayList.forEach(ArrayList.java:1541)
S	at com.consol.citrus.common.DefaultTestLoader.doLoad(DefaultTestLoader.java:116)
P	at com.consol.citrus.common.DefaultTestLoader.load(DefaultTestLoader.java:94)
R	at com.consol.citrus.testng.TestNGHelper.invokeTestMethod(TestNGHelper.java:83)
g	at com.consol.citrus.testng.spring.TestNGCitrusSpringSupport.run(TestNGCitrusSpringSupport.java:185)
g	at com.consol.citrus.testng.spring.TestNGCitrusSpringSupport.run(TestNGCitrusSpringSupport.java:101)
i	at org.testng.internal.invokers.MethodInvocationHelper.invokeHookable(MethodInvocationHelper.java:272)
Q	at org.testng.internal.invokers.TestInvoker.invokeMethod(TestInvoker.java:669)
U	at org.testng.internal.invokers.TestInvoker.invokeTestMethod(TestInvoker.java:221)
S	at org.testng.internal.invokers.MethodRunner.runInSequence(MethodRunner.java:50)
a	at org.testng.internal.invokers.TestInvoker$MethodInvocationAgent.invoke(TestInvoker.java:969)
V	at org.testng.internal.invokers.TestInvoker.invokeTestMethods(TestInvoker.java:194)
`	at org.testng.internal.invokers.TestMethodWorker.invokeTestMethods(TestMethodWorker.java:148)
R	at org.testng.internal.invokers.TestMethodWorker.run(TestMethodWorker.java:128)
@	at java.base/java.util.ArrayList.forEach(ArrayList.java:1541)
;	at org.testng.TestRunner.privateRun(TestRunner.java:829)
4	at org.testng.TestRunner.run(TestRunner.java:602)
:	at org.testng.SuiteRunner.runTest(SuiteRunner.java:437)
B	at org.testng.SuiteRunner.runSequentially(SuiteRunner.java:431)
=	at org.testng.SuiteRunner.privateRun(SuiteRunner.java:391)
6	at org.testng.SuiteRunner.run(SuiteRunner.java:330)
F	at org.testng.SuiteRunnerWorker.runSuite(SuiteRunnerWorker.java:52)
A	at org.testng.SuiteRunnerWorker.run(SuiteRunnerWorker.java:95)
?	at org.testng.TestNG.runSuitesSequentially(TestNG.java:1256)
:	at org.testng.TestNG.runSuitesLocally(TestNG.java:1176)
3	at org.testng.TestNG.runSuites(TestNG.java:1099)
-	at org.testng.TestNG.run(TestNG.java:1067)
w	at org.gradle.api.internal.tasks.testing.testng.TestNGTestClassProcessor.runTests(TestNGTestClassProcessor.java:153)
r	at org.gradle.api.internal.tasks.testing.testng.TestNGTestClassProcessor.stop(TestNGTestClassProcessor.java:96)
i	at org.gradle.api.internal.tasks.testing.SuiteTestClassProcessor.stop(SuiteTestClassProcessor.java:62)
T	at java.base/jdk.internal.reflect.NativeMethodAccessorImpl.invoke0(Native Method)
f	at java.base/jdk.internal.reflect.NativeMethodAccessorImpl.invoke(NativeMethodAccessorImpl.java:62)
n	at java.base/jdk.internal.reflect.DelegatingMethodAccessorImpl.invoke(DelegatingMethodAccessorImpl.java:43)
@	at java.base/java.lang.reflect.Method.invoke(Method.java:566)
Z	at org.gradle.internal.dispatch.ReflectionDispatch.dispatch(ReflectionDispatch.java:36)
Z	at org.gradle.internal.dispatch.ReflectionDispatch.dispatch(ReflectionDispatch.java:24)
j	at org.gradle.internal.dispatch.ContextClassLoaderDispatch.dispatch(ContextClassLoaderDispatch.java:33)
y	at org.gradle.internal.dispatch.ProxyDispatchAdapter$DispatchingInvocationHandler.invoke(ProxyDispatchAdapter.java:94)
0	at com.sun.proxy.$Proxy2.stop(Unknown Source)
X	at org.gradle.api.internal.tasks.testing.worker.TestWorker$3.run(TestWorker.java:193)
o	at org.gradle.api.internal.tasks.testing.worker.TestWorker.executeAndMaintainThreadName(TestWorker.java:129)
Z	at org.gradle.api.internal.tasks.testing.worker.TestWorker.execute(TestWorker.java:100)
Y	at org.gradle.api.internal.tasks.testing.worker.TestWorker.execute(TestWorker.java:60)
k	at org.gradle.process.internal.worker.child.ActionExecutionWorker.execute(ActionExecutionWorker.java:56)
É	at org.gradle.process.internal.worker.child.SystemApplicationClassLoaderWorker.call(SystemApplicationClassLoaderWorker.java:119)
Ç	at org.gradle.process.internal.worker.child.SystemApplicationClassLoaderWorker.call(SystemApplicationClassLoaderWorker.java:66)
^	at worker.org.gradle.process.internal.worker.GradleWorkerMain.run(GradleWorkerMain.java:69)
_	at worker.org.gradle.process.internal.worker.GradleWorkerMain.main(GradleWorkerMain.java:74)
}Caused by: java.lang.IllegalArgumentException: Number of JSON entries not equal for element: '$.', expected '5' but was '0'
=	at org.springframework.util.Assert.isTrue(Assert.java:121)
p	at com.consol.citrus.validation.json.JsonTextMessageValidator.validateJson(JsonTextMessageValidator.java:145)
s	at com.consol.citrus.validation.json.JsonTextMessageValidator.validateMessage(JsonTextMessageValidator.java:102)
	... 65 more
s22:31:13,909 INFO  port.LoggingReporter| ------------------------------------------------------------------------
+22:31:13,909 INFO  port.LoggingReporter| 
	H22:31:13,950 DEBUG   util.TypeConverter| Using type converter 'spring'
	+22:31:13,950 INFO  port.LoggingReporter| 
	s22:31:13,955 INFO  port.LoggingReporter| ------------------------------------------------------------------------
	o22:31:13,955 DEBUG port.LoggingReporter| STARTING TEST DuckActionsTestQuack.successfulQuack <autotests.tests>
	+22:31:13,955 INFO  port.LoggingReporter| 
	A22:31:13,955 DEBUG trus.DefaultTestCase| Initializing test case
	Ä22:31:13,956 DEBUG  context.TestContext| Setting variable: citrus.test.name with value: 'DuckActionsTestQuack.successfulQuack'
	n22:31:13,956 DEBUG  context.TestContext| Setting variable: citrus.test.package with value: 'autotests.tests'
	Y22:31:13,956 DEBUG trus.DefaultTestCase| Initializing test parameter 'arg0' as variable
	Ä22:31:13,956 DEBUG  context.TestContext| Setting variable: arg0 with value: 'com.consol.citrus.DefaultTestCaseRunner@38e052b2'
	:22:31:13,956 DEBUG trus.DefaultTestCase| Test variables:
	P22:31:13,956 DEBUG trus.DefaultTestCase| citrus.test.package = autotests.tests
	b22:31:13,956 DEBUG trus.DefaultTestCase| arg0 = com.consol.citrus.DefaultTestCaseRunner@38e052b2
	b22:31:13,956 DEBUG trus.DefaultTestCase| citrus.test.name = DuckActionsTestQuack.successfulQuack
	U22:31:13,956 DEBUG  context.TestContext| Setting variable: duckId with value: '123'
	+22:31:13,956 INFO  port.LoggingReporter| 
	;22:31:13,956 DEBUG port.LoggingReporter| TEST STEP 0: sql
	Ö22:31:13,956 DEBUG ons.ExecuteSQLAction| Executing SQL statement: insert into DUCK (id, color, height, material, sound, wings_state)
	9values (123, 'yellow', 1.0, 'rubber', 'quack','ACTIVE')
	M22:31:13,956 INFO  ons.ExecuteSQLAction| SQL statement execution successful
	+22:31:13,956 INFO  port.LoggingReporter| 
	>22:31:13,956 DEBUG port.LoggingReporter| TEST STEP 0 SUCCESS
	+22:31:13,956 INFO  port.LoggingReporter| 
	<22:31:13,956 DEBUG port.LoggingReporter| TEST STEP 0: send
	s22:31:13,967 DEBUG ltCorrelationManager| Saving correlation key for 'citrus_message_correlator_yellowDuckService'
	±22:31:13,967 DEBUG  context.TestContext| Setting variable: citrus_message_correlator_yellowDuckService with value: 'citrus_message_id = 'd4a99ba6-0587-49d5-b9b8-608260e973d6''
	ﬂ22:31:13,967 DEBUG  context.TestContext| Setting variable: citrus_message_replyTo_citrus_message_correlator_yellowDuckService with value: 'http://localhost:2222/api/duck/action/quack?repetitionCount=1&soundCount=1&id=123'
	ó22:31:13,967 INFO     client.HttpClient| Sending HTTP message to: 'http://localhost:2222/api/duck/action/quack?repetitionCount=1&soundCount=1&id=123'
	:22:31:13,967 DEBUG    client.HttpClient| Message to send:
	
	G22:31:13,967 DEBUG ingClientInterceptor| Sending Http request message
	H22:31:13,967 DEBUG   util.TypeConverter| Using type converter 'spring'
	I22:31:13,972 DEBUG ingClientInterceptor| Received Http response message
	H22:31:13,972 DEBUG   util.TypeConverter| Using type converter 'spring'
	°22:31:13,972 INFO     client.HttpClient| HTTP message was sent to endpoint: 'http://localhost:2222/api/duck/action/quack?repetitionCount=1&soundCount=1&id=123'
	Ñ22:31:13,972 DEBUG ltCorrelationManager| Saving correlated object for 'citrus_message_id = 'd4a99ba6-0587-49d5-b9b8-608260e973d6''
	+22:31:13,972 INFO  port.LoggingReporter| 
	>22:31:13,972 DEBUG port.LoggingReporter| TEST STEP 0 SUCCESS
	n22:31:13,972 DEBUG       util.FileUtils| Reading file resource: 'successfulQuack.json' (encoding is 'UTF-8')
	+22:31:13,972 INFO  port.LoggingReporter| 
	?22:31:13,972 DEBUG port.LoggingReporter| TEST STEP 0: receive
	p22:31:13,972 DEBUG ngCorrelationManager| Get correlation key for 'citrus_message_correlator_yellowDuckService'
	Ö22:31:13,972 DEBUG ltCorrelationManager| Finding correlated object for 'citrus_message_id = 'd4a99ba6-0587-49d5-b9b8-608260e973d6''
	;22:31:13,972 DEBUG ReceiveMessageAction| Received message:
	CHTTPMESSAGE [id: 2b111a4a-2edd-403e-8091-a769098a50ab, payload: {
	  "sound": "quack"
	‚}][headers: {Transfer-Encoding=chunked, Connection=keep-alive, contentType=application/json, Date=1738251073000, citrus_message_id=2b111a4a-2edd-403e-8091-a769098a50ab, citrus_message_timestamp=1738251073972, Keep-Alive=timeout=60, Content-Type=application/json, citrus_http_status_code=200, citrus_http_reason_phrase=OK, citrus_http_version=HTTP/1.1}]
	:22:31:13,988 DEBUG ReceiveMessageAction| Control message:
	CHTTPMESSAGE [id: a546156d-9813-4b42-9b54-00a7aed42490, payload: {
	
	  "sound": "quack"
	‚}][headers: {citrus_message_id=a546156d-9813-4b42-9b54-00a7aed42490, citrus_message_timestamp=1738251073972, citrus_http_reason_phrase=OK, citrus_http_status_code=200, Content-Type=application/json, citrus_message_type=XML}]
	Q22:31:13,989 DEBUG ageValidatorRegistry| Found 3 message validators for message
	N22:31:13,989 DEBUG ssageHeaderValidator| Start message header validation ...
	i22:31:13,989 DEBUG faultHeaderValidator| Validating header element: citrus_http_reason_phrase='OK': OK.
	h22:31:13,989 DEBUG faultHeaderValidator| Validating header element: citrus_http_status_code='200': OK.
	j22:31:13,989 DEBUG faultHeaderValidator| Validating header element: Content-Type='application/json': OK.
	^22:31:13,989 INFO  ssageHeaderValidator| Message header validation successful: All values OK
	L22:31:13,989 DEBUG TextMessageValidator| Start JSON message validation ...
	N22:31:13,989 DEBUG JsonSchemaValidation| Starting Json schema validation ...
	[22:31:13,989 INFO  JsonSchemaValidation| Json schema validation successful: All values OK
	_22:31:13,989 DEBUG TextMessageValidator| Validation successful for JSON entry 'sound' (quack)
	\22:31:13,989 INFO  TextMessageValidator| JSON message validation successful: All values OK
	+22:31:13,989 INFO  port.LoggingReporter| 
	>22:31:13,989 DEBUG port.LoggingReporter| TEST STEP 0 SUCCESS
	N22:31:13,989 DEBUG trus.DefaultTestCase| Entering finally block in test case
	+22:31:13,989 INFO  port.LoggingReporter| 
	k22:31:13,989 DEBUG port.LoggingReporter| TEST STEP 0: DuckActionsTestQuack$$Lambda$657/0x0000000840506040
	+22:31:13,989 INFO  port.LoggingReporter| 
	;22:31:13,989 DEBUG port.LoggingReporter| TEST STEP 0: sql
	a22:31:13,989 DEBUG ons.ExecuteSQLAction| Executing SQL statement: DELETE FROM DUCK WHERE ID=123
	M22:31:13,989 INFO  ons.ExecuteSQLAction| SQL statement execution successful
	+22:31:13,989 INFO  port.LoggingReporter| 
	>22:31:13,989 DEBUG port.LoggingReporter| TEST STEP 0 SUCCESS
	+22:31:13,989 INFO  port.LoggingReporter| 
	>22:31:13,989 DEBUG port.LoggingReporter| TEST STEP 0 SUCCESS
	+22:31:13,989 INFO  port.LoggingReporter| 
	n22:31:13,989 INFO  port.LoggingReporter| TEST SUCCESS DuckActionsTestQuack.successfulQuack (autotests.tests)
	s22:31:13,989 INFO  port.LoggingReporter| ------------------------------------------------------------------------
	+22:31:13,989 INFO  port.LoggingReporter| 
	
H22:31:14,004 DEBUG   util.TypeConverter| Using type converter 'spring'
	
+22:31:14,004 INFO  port.LoggingReporter| 
	
s22:31:14,004 INFO  port.LoggingReporter| ------------------------------------------------------------------------
	
q22:31:14,004 DEBUG port.LoggingReporter| STARTING TEST DuckActionsTestQuack.unsuccessfulQuack <autotests.tests>
	
+22:31:14,020 INFO  port.LoggingReporter| 
	
A22:31:14,025 DEBUG trus.DefaultTestCase| Initializing test case
	
Ç22:31:14,025 DEBUG  context.TestContext| Setting variable: citrus.test.name with value: 'DuckActionsTestQuack.unsuccessfulQuack'
	
n22:31:14,025 DEBUG  context.TestContext| Setting variable: citrus.test.package with value: 'autotests.tests'
	
Y22:31:14,025 DEBUG trus.DefaultTestCase| Initializing test parameter 'arg0' as variable
	
Ä22:31:14,025 DEBUG  context.TestContext| Setting variable: arg0 with value: 'com.consol.citrus.DefaultTestCaseRunner@13f7c165'
	
:22:31:14,025 DEBUG trus.DefaultTestCase| Test variables:
	
P22:31:14,025 DEBUG trus.DefaultTestCase| citrus.test.package = autotests.tests
	
b22:31:14,025 DEBUG trus.DefaultTestCase| arg0 = com.consol.citrus.DefaultTestCaseRunner@13f7c165
	
d22:31:14,025 DEBUG trus.DefaultTestCase| citrus.test.name = DuckActionsTestQuack.unsuccessfulQuack
	
U22:31:14,025 DEBUG  context.TestContext| Setting variable: duckId with value: '124'
	
+22:31:14,025 INFO  port.LoggingReporter| 
	
;22:31:14,025 DEBUG port.LoggingReporter| TEST STEP 0: sql
	
Ö22:31:14,025 DEBUG ons.ExecuteSQLAction| Executing SQL statement: insert into DUCK (id, color, height, material, sound, wings_state)
	
9values (124, 'yellow', 1.0, 'rubber', 'quack','ACTIVE')
	
M22:31:14,025 INFO  ons.ExecuteSQLAction| SQL statement execution successful
	
+22:31:14,025 INFO  port.LoggingReporter| 
	
>22:31:14,025 DEBUG port.LoggingReporter| TEST STEP 0 SUCCESS
	
+22:31:14,025 INFO  port.LoggingReporter| 
	
<22:31:14,025 DEBUG port.LoggingReporter| TEST STEP 0: send
	
s22:31:14,025 DEBUG ltCorrelationManager| Saving correlation key for 'citrus_message_correlator_yellowDuckService'
	
±22:31:14,025 DEBUG  context.TestContext| Setting variable: citrus_message_correlator_yellowDuckService with value: 'citrus_message_id = '2b4f101a-229f-4002-9ae5-bba50c05cf29''
	
ﬂ22:31:14,025 DEBUG  context.TestContext| Setting variable: citrus_message_replyTo_citrus_message_correlator_yellowDuckService with value: 'http://localhost:2222/api/duck/action/quack?repetitionCount=1&soundCount=1&id=124'
	
ó22:31:14,025 INFO     client.HttpClient| Sending HTTP message to: 'http://localhost:2222/api/duck/action/quack?repetitionCount=1&soundCount=1&id=124'
	
:22:31:14,025 DEBUG    client.HttpClient| Message to send:
	

	
G22:31:14,025 DEBUG ingClientInterceptor| Sending Http request message
	
H22:31:14,025 DEBUG   util.TypeConverter| Using type converter 'spring'
	
I22:31:14,062 DEBUG ingClientInterceptor| Received Http response message
	
H22:31:14,062 DEBUG   util.TypeConverter| Using type converter 'spring'
	
°22:31:14,062 INFO     client.HttpClient| HTTP message was sent to endpoint: 'http://localhost:2222/api/duck/action/quack?repetitionCount=1&soundCount=1&id=124'
	
Ñ22:31:14,062 DEBUG ltCorrelationManager| Saving correlated object for 'citrus_message_id = '2b4f101a-229f-4002-9ae5-bba50c05cf29''
	
+22:31:14,062 INFO  port.LoggingReporter| 
	
>22:31:14,062 DEBUG port.LoggingReporter| TEST STEP 0 SUCCESS
	
n22:31:14,062 DEBUG       util.FileUtils| Reading file resource: 'successfulQuack.json' (encoding is 'UTF-8')
	
+22:31:14,062 INFO  port.LoggingReporter| 
	
?22:31:14,062 DEBUG port.LoggingReporter| TEST STEP 0: receive
	
p22:31:14,072 DEBUG ngCorrelationManager| Get correlation key for 'citrus_message_correlator_yellowDuckService'
	
Ö22:31:14,072 DEBUG ltCorrelationManager| Finding correlated object for 'citrus_message_id = '2b4f101a-229f-4002-9ae5-bba50c05cf29''
	
;22:31:14,072 DEBUG ReceiveMessageAction| Received message:
	
CHTTPMESSAGE [id: f3451eff-71a0-4eed-b423-d0875bcb4483, payload: {
	
  "sound": "moo"
	
‚}][headers: {Transfer-Encoding=chunked, Connection=keep-alive, contentType=application/json, Date=1738251073000, citrus_message_id=f3451eff-71a0-4eed-b423-d0875bcb4483, citrus_message_timestamp=1738251074062, Keep-Alive=timeout=60, Content-Type=application/json, citrus_http_status_code=200, citrus_http_reason_phrase=OK, citrus_http_version=HTTP/1.1}]
	
:22:31:14,072 DEBUG ReceiveMessageAction| Control message:
	
CHTTPMESSAGE [id: 8f42f84b-a230-4dfc-b8aa-004f0b69b82d, payload: {
	

	
  "sound": "quack"
	
‚}][headers: {citrus_message_id=8f42f84b-a230-4dfc-b8aa-004f0b69b82d, citrus_message_timestamp=1738251074062, citrus_http_reason_phrase=OK, citrus_http_status_code=200, Content-Type=application/json, citrus_message_type=XML}]
	
Q22:31:14,072 DEBUG ageValidatorRegistry| Found 3 message validators for message
	
N22:31:14,072 DEBUG ssageHeaderValidator| Start message header validation ...
	
i22:31:14,072 DEBUG faultHeaderValidator| Validating header element: citrus_http_reason_phrase='OK': OK.
	
h22:31:14,072 DEBUG faultHeaderValidator| Validating header element: citrus_http_status_code='200': OK.
	
j22:31:14,072 DEBUG faultHeaderValidator| Validating header element: Content-Type='application/json': OK.
	
^22:31:14,072 INFO  ssageHeaderValidator| Message header validation successful: All values OK
	
L22:31:14,072 DEBUG TextMessageValidator| Start JSON message validation ...
	
N22:31:14,072 DEBUG JsonSchemaValidation| Starting Json schema validation ...
	
[22:31:14,072 INFO  JsonSchemaValidation| Json schema validation successful: All values OK
	
N22:31:14,072 DEBUG trus.DefaultTestCase| Entering finally block in test case
	
+22:31:14,072 INFO  port.LoggingReporter| 
	
k22:31:14,072 DEBUG port.LoggingReporter| TEST STEP 0: DuckActionsTestQuack$$Lambda$658/0x0000000840506440
	
+22:31:14,072 INFO  port.LoggingReporter| 
	
;22:31:14,072 DEBUG port.LoggingReporter| TEST STEP 0: sql
	
a22:31:14,072 DEBUG ons.ExecuteSQLAction| Executing SQL statement: DELETE FROM DUCK WHERE ID=124
	
M22:31:14,072 INFO  ons.ExecuteSQLAction| SQL statement execution successful
	
+22:31:14,072 INFO  port.LoggingReporter| 
	
>22:31:14,072 DEBUG port.LoggingReporter| TEST STEP 0 SUCCESS
	
+22:31:14,072 INFO  port.LoggingReporter| 
	
>22:31:14,072 DEBUG port.LoggingReporter| TEST STEP 0 SUCCESS
	
+22:31:14,072 INFO  port.LoggingReporter| 
	
Ö22:31:14,072 ERROR port.LoggingReporter| TEST FAILED DuckActionsTestQuack.unsuccessfulQuack <autotests.tests> Nested exception is: 
	
Qcom.consol.citrus.exceptions.ValidationException: Failed to validate JSON text:
	
U{"sound":"moo"} Values not equal for entry: 'sound', expected 'quack' but was 'moo'
	
s	at com.consol.citrus.validation.json.JsonTextMessageValidator.validateMessage(JsonTextMessageValidator.java:114)
	
r	at com.consol.citrus.validation.json.JsonTextMessageValidator.validateMessage(JsonTextMessageValidator.java:58)
	
m	at com.consol.citrus.validation.AbstractMessageValidator.validateMessage(AbstractMessageValidator.java:46)
	
c	at com.consol.citrus.actions.ReceiveMessageAction.validateMessage(ReceiveMessageAction.java:279)
	
]	at com.consol.citrus.actions.ReceiveMessageAction.doExecute(ReceiveMessageAction.java:168)
	
V	at com.consol.citrus.actions.AbstractTestAction.execute(AbstractTestAction.java:59)
	
O	at com.consol.citrus.DefaultTestCase.executeAction(DefaultTestCase.java:136)
	
Q	at com.consol.citrus.DefaultTestCaseRunner.run(DefaultTestCaseRunner.java:125)
	
D	at com.consol.citrus.TestActionRunner.$(TestActionRunner.java:35)
	
H	at autotests.clients.DuckClient.validateResponse(DuckClient.java:141)
	
Z	at autotests.tests.DuckActionsTestQuack.unsuccessfulQuack(DuckActionsTestQuack.java:45)
	
T	at java.base/jdk.internal.reflect.NativeMethodAccessorImpl.invoke0(Native Method)
	
f	at java.base/jdk.internal.reflect.NativeMethodAccessorImpl.invoke(NativeMethodAccessorImpl.java:62)
	
n	at java.base/jdk.internal.reflect.DelegatingMethodAccessorImpl.invoke(DelegatingMethodAccessorImpl.java:43)
	
@	at java.base/java.lang.reflect.Method.invoke(Method.java:566)
	
U	at org.springframework.util.ReflectionUtils.invokeMethod(ReflectionUtils.java:282)
	
[	at com.consol.citrus.testng.TestNGHelper.lambda$invokeTestMethod$1(TestNGHelper.java:82)
	
\	at com.consol.citrus.common.DefaultTestLoader.lambda$doLoad$1(DefaultTestLoader.java:116)
	
@	at java.base/java.util.ArrayList.forEach(ArrayList.java:1541)
	
S	at com.consol.citrus.common.DefaultTestLoader.doLoad(DefaultTestLoader.java:116)
	
P	at com.consol.citrus.common.DefaultTestLoader.load(DefaultTestLoader.java:94)
	
R	at com.consol.citrus.testng.TestNGHelper.invokeTestMethod(TestNGHelper.java:83)
	
g	at com.consol.citrus.testng.spring.TestNGCitrusSpringSupport.run(TestNGCitrusSpringSupport.java:185)
	
g	at com.consol.citrus.testng.spring.TestNGCitrusSpringSupport.run(TestNGCitrusSpringSupport.java:101)
	
i	at org.testng.internal.invokers.MethodInvocationHelper.invokeHookable(MethodInvocationHelper.java:272)
	
Q	at org.testng.internal.invokers.TestInvoker.invokeMethod(TestInvoker.java:669)
	
U	at org.testng.internal.invokers.TestInvoker.invokeTestMethod(TestInvoker.java:221)
	
S	at org.testng.internal.invokers.MethodRunner.runInSequence(MethodRunner.java:50)
	
a	at org.testng.internal.invokers.TestInvoker$MethodInvocationAgent.invoke(TestInvoker.java:969)
	
V	at org.testng.internal.invokers.TestInvoker.invokeTestMethods(TestInvoker.java:194)
	
`	at org.testng.internal.invokers.TestMethodWorker.invokeTestMethods(TestMethodWorker.java:148)
	
R	at org.testng.internal.invokers.TestMethodWorker.run(TestMethodWorker.java:128)
	
@	at java.base/java.util.ArrayList.forEach(ArrayList.java:1541)
	
;	at org.testng.TestRunner.privateRun(TestRunner.java:829)
	
4	at org.testng.TestRunner.run(TestRunner.java:602)
	
:	at org.testng.SuiteRunner.runTest(SuiteRunner.java:437)
	
B	at org.testng.SuiteRunner.runSequentially(SuiteRunner.java:431)
	
=	at org.testng.SuiteRunner.privateRun(SuiteRunner.java:391)
	
6	at org.testng.SuiteRunner.run(SuiteRunner.java:330)
	
F	at org.testng.SuiteRunnerWorker.runSuite(SuiteRunnerWorker.java:52)
	
A	at org.testng.SuiteRunnerWorker.run(SuiteRunnerWorker.java:95)
	
?	at org.testng.TestNG.runSuitesSequentially(TestNG.java:1256)
	
:	at org.testng.TestNG.runSuitesLocally(TestNG.java:1176)
	
3	at org.testng.TestNG.runSuites(TestNG.java:1099)
	
-	at org.testng.TestNG.run(TestNG.java:1067)
	
w	at org.gradle.api.internal.tasks.testing.testng.TestNGTestClassProcessor.runTests(TestNGTestClassProcessor.java:153)
	
r	at org.gradle.api.internal.tasks.testing.testng.TestNGTestClassProcessor.stop(TestNGTestClassProcessor.java:96)
	
i	at org.gradle.api.internal.tasks.testing.SuiteTestClassProcessor.stop(SuiteTestClassProcessor.java:62)
	
T	at java.base/jdk.internal.reflect.NativeMethodAccessorImpl.invoke0(Native Method)
	
f	at java.base/jdk.internal.reflect.NativeMethodAccessorImpl.invoke(NativeMethodAccessorImpl.java:62)
	
n	at java.base/jdk.internal.reflect.DelegatingMethodAccessorImpl.invoke(DelegatingMethodAccessorImpl.java:43)
	
@	at java.base/java.lang.reflect.Method.invoke(Method.java:566)
	
Z	at org.gradle.internal.dispatch.ReflectionDispatch.dispatch(ReflectionDispatch.java:36)
	
Z	at org.gradle.internal.dispatch.ReflectionDispatch.dispatch(ReflectionDispatch.java:24)
	
j	at org.gradle.internal.dispatch.ContextClassLoaderDispatch.dispatch(ContextClassLoaderDispatch.java:33)
	
y	at org.gradle.internal.dispatch.ProxyDispatchAdapter$DispatchingInvocationHandler.invoke(ProxyDispatchAdapter.java:94)
	
0	at com.sun.proxy.$Proxy2.stop(Unknown Source)
	
X	at org.gradle.api.internal.tasks.testing.worker.TestWorker$3.run(TestWorker.java:193)
	
o	at org.gradle.api.internal.tasks.testing.worker.TestWorker.executeAndMaintainThreadName(TestWorker.java:129)
	
Z	at org.gradle.api.internal.tasks.testing.worker.TestWorker.execute(TestWorker.java:100)
	
Y	at org.gradle.api.internal.tasks.testing.worker.TestWorker.execute(TestWorker.java:60)
	
k	at org.gradle.process.internal.worker.child.ActionExecutionWorker.execute(ActionExecutionWorker.java:56)
	
É	at org.gradle.process.internal.worker.child.SystemApplicationClassLoaderWorker.call(SystemApplicationClassLoaderWorker.java:119)
	
Ç	at org.gradle.process.internal.worker.child.SystemApplicationClassLoaderWorker.call(SystemApplicationClassLoaderWorker.java:66)
	
^	at worker.org.gradle.process.internal.worker.GradleWorkerMain.run(GradleWorkerMain.java:69)
	
_	at worker.org.gradle.process.internal.worker.GradleWorkerMain.main(GradleWorkerMain.java:74)
	
tCaused by: java.lang.IllegalArgumentException: Values not equal for entry: 'sound', expected 'quack' but was 'moo'
	
=	at org.springframework.util.Assert.isTrue(Assert.java:121)
	
p	at com.consol.citrus.validation.json.JsonTextMessageValidator.validateJson(JsonTextMessageValidator.java:211)
	
s	at com.consol.citrus.validation.json.JsonTextMessageValidator.validateMessage(JsonTextMessageValidator.java:102)
	
	... 65 more
	
s22:31:14,072 INFO  port.LoggingReporter| ------------------------------------------------------------------------
	
+22:31:14,072 INFO  port.LoggingReporter| 
H22:31:14,119 DEBUG   util.TypeConverter| Using type converter 'spring'
+22:31:14,119 INFO  port.LoggingReporter| 
s22:31:14,119 INFO  port.LoggingReporter| ------------------------------------------------------------------------
m22:31:14,119 DEBUG port.LoggingReporter| STARTING TEST DuckActionsTestSwim.successfulSwim <autotests.tests>
+22:31:14,119 INFO  port.LoggingReporter| 
A22:31:14,119 DEBUG trus.DefaultTestCase| Initializing test case
~22:31:14,119 DEBUG  context.TestContext| Setting variable: citrus.test.name with value: 'DuckActionsTestSwim.successfulSwim'
n22:31:14,119 DEBUG  context.TestContext| Setting variable: citrus.test.package with value: 'autotests.tests'
Y22:31:14,119 DEBUG trus.DefaultTestCase| Initializing test parameter 'arg0' as variable
Ä22:31:14,119 DEBUG  context.TestContext| Setting variable: arg0 with value: 'com.consol.citrus.DefaultTestCaseRunner@4ed19540'
:22:31:14,119 DEBUG trus.DefaultTestCase| Test variables:
P22:31:14,119 DEBUG trus.DefaultTestCase| citrus.test.package = autotests.tests
b22:31:14,119 DEBUG trus.DefaultTestCase| arg0 = com.consol.citrus.DefaultTestCaseRunner@4ed19540
`22:31:14,119 DEBUG trus.DefaultTestCase| citrus.test.name = DuckActionsTestSwim.successfulSwim
T22:31:14,119 DEBUG  context.TestContext| Setting variable: duckId with value: '55'
+22:31:14,119 INFO  port.LoggingReporter| 
;22:31:14,119 DEBUG port.LoggingReporter| TEST STEP 0: sql
Ö22:31:14,119 DEBUG ons.ExecuteSQLAction| Executing SQL statement: insert into DUCK (id, color, height, material, sound, wings_state)
8values (55, 'yellow', 1.0, 'rubber', 'quack','ACTIVE')
M22:31:14,119 INFO  ons.ExecuteSQLAction| SQL statement execution successful
+22:31:14,119 INFO  port.LoggingReporter| 
>22:31:14,119 DEBUG port.LoggingReporter| TEST STEP 0 SUCCESS
+22:31:14,119 INFO  port.LoggingReporter| 
<22:31:14,119 DEBUG port.LoggingReporter| TEST STEP 0: send
s22:31:14,119 DEBUG ltCorrelationManager| Saving correlation key for 'citrus_message_correlator_yellowDuckService'
±22:31:14,119 DEBUG  context.TestContext| Setting variable: citrus_message_correlator_yellowDuckService with value: 'citrus_message_id = 'a0a9ca2e-813a-4df5-b8fc-55ca73e65d26''
æ22:31:14,119 DEBUG  context.TestContext| Setting variable: citrus_message_replyTo_citrus_message_correlator_yellowDuckService with value: 'http://localhost:2222/api/duck/action/swim?id=55'
v22:31:14,119 INFO     client.HttpClient| Sending HTTP message to: 'http://localhost:2222/api/duck/action/swim?id=55'
:22:31:14,119 DEBUG    client.HttpClient| Message to send:

G22:31:14,119 DEBUG ingClientInterceptor| Sending Http request message
H22:31:14,119 DEBUG   util.TypeConverter| Using type converter 'spring'
I22:31:14,134 DEBUG ingClientInterceptor| Received Http response message
H22:31:14,134 DEBUG   util.TypeConverter| Using type converter 'spring'
[22:31:14,168 INFO     client.HttpClient| Caught HTTP rest client exception: 404 Not Found
v22:31:14,168 INFO     client.HttpClient| Propagating HTTP rest client exception according to error handling strategy
Ñ22:31:14,168 DEBUG ltCorrelationManager| Saving correlated object for 'citrus_message_id = 'a0a9ca2e-813a-4df5-b8fc-55ca73e65d26''
+22:31:14,168 INFO  port.LoggingReporter| 
>22:31:14,168 DEBUG port.LoggingReporter| TEST STEP 0 SUCCESS
m22:31:14,168 DEBUG       util.FileUtils| Reading file resource: 'successfulSwim.json' (encoding is 'UTF-8')
+22:31:14,168 INFO  port.LoggingReporter| 
?22:31:14,168 DEBUG port.LoggingReporter| TEST STEP 0: receive
p22:31:14,168 DEBUG ngCorrelationManager| Get correlation key for 'citrus_message_correlator_yellowDuckService'
Ö22:31:14,168 DEBUG ltCorrelationManager| Finding correlated object for 'citrus_message_id = 'a0a9ca2e-813a-4df5-b8fc-55ca73e65d26''
;22:31:14,168 DEBUG ReceiveMessageAction| Received message:
CHTTPMESSAGE [id: 510675ad-56a8-42cc-ad7d-12fe52085a2e, payload: {
(  "message": "Paws are not found (((("
È}][headers: {Transfer-Encoding=chunked, Connection=keep-alive, contentType=application/json, Date=1738251073000, citrus_message_id=510675ad-56a8-42cc-ad7d-12fe52085a2e, citrus_message_timestamp=1738251074168, Keep-Alive=timeout=60, Content-Type=application/json, citrus_http_status_code=404, citrus_http_reason_phrase=NOT_FOUND, citrus_http_version=HTTP/1.1}]
:22:31:14,168 DEBUG ReceiveMessageAction| Control message:
CHTTPMESSAGE [id: 07ee99a9-1377-466c-b1a6-422a4cdb725d, payload: {

  "message": "I‚Äôm swimming"
‚}][headers: {citrus_message_id=07ee99a9-1377-466c-b1a6-422a4cdb725d, citrus_message_timestamp=1738251074168, citrus_http_reason_phrase=OK, citrus_http_status_code=200, Content-Type=application/json, citrus_message_type=XML}]
Q22:31:14,168 DEBUG ageValidatorRegistry| Found 3 message validators for message
N22:31:14,168 DEBUG ssageHeaderValidator| Start message header validation ...
N22:31:14,178 DEBUG trus.DefaultTestCase| Entering finally block in test case
+22:31:14,178 INFO  port.LoggingReporter| 
j22:31:14,178 DEBUG port.LoggingReporter| TEST STEP 0: DuckActionsTestSwim$$Lambda$659/0x0000000840505840
+22:31:14,178 INFO  port.LoggingReporter| 
;22:31:14,178 DEBUG port.LoggingReporter| TEST STEP 0: sql
`22:31:14,178 DEBUG ons.ExecuteSQLAction| Executing SQL statement: DELETE FROM DUCK WHERE ID=55
M22:31:14,178 INFO  ons.ExecuteSQLAction| SQL statement execution successful
+22:31:14,178 INFO  port.LoggingReporter| 
>22:31:14,178 DEBUG port.LoggingReporter| TEST STEP 0 SUCCESS
+22:31:14,178 INFO  port.LoggingReporter| 
>22:31:14,178 DEBUG port.LoggingReporter| TEST STEP 0 SUCCESS
+22:31:14,178 INFO  port.LoggingReporter| 
Å22:31:14,178 ERROR port.LoggingReporter| TEST FAILED DuckActionsTestSwim.successfulSwim <autotests.tests> Nested exception is: 
©com.consol.citrus.exceptions.ValidationException: Validation failed: Values not equal for header element 'citrus_http_reason_phrase', expected 'OK' but was 'NOT_FOUND'
h	at com.consol.citrus.validation.DefaultHeaderValidator.validateHeader(DefaultHeaderValidator.java:79)
x	at com.consol.citrus.validation.DefaultMessageHeaderValidator.validateMessage(DefaultMessageHeaderValidator.java:101)
w	at com.consol.citrus.validation.DefaultMessageHeaderValidator.validateMessage(DefaultMessageHeaderValidator.java:44)
m	at com.consol.citrus.validation.AbstractMessageValidator.validateMessage(AbstractMessageValidator.java:46)
c	at com.consol.citrus.actions.ReceiveMessageAction.validateMessage(ReceiveMessageAction.java:279)
]	at com.consol.citrus.actions.ReceiveMessageAction.doExecute(ReceiveMessageAction.java:168)
V	at com.consol.citrus.actions.AbstractTestAction.execute(AbstractTestAction.java:59)
O	at com.consol.citrus.DefaultTestCase.executeAction(DefaultTestCase.java:136)
Q	at com.consol.citrus.DefaultTestCaseRunner.run(DefaultTestCaseRunner.java:125)
D	at com.consol.citrus.TestActionRunner.$(TestActionRunner.java:35)
H	at autotests.clients.DuckClient.validateResponse(DuckClient.java:141)
U	at autotests.tests.DuckActionsTestSwim.successfulSwim(DuckActionsTestSwim.java:31)
T	at java.base/jdk.internal.reflect.NativeMethodAccessorImpl.invoke0(Native Method)
f	at java.base/jdk.internal.reflect.NativeMethodAccessorImpl.invoke(NativeMethodAccessorImpl.java:62)
n	at java.base/jdk.internal.reflect.DelegatingMethodAccessorImpl.invoke(DelegatingMethodAccessorImpl.java:43)
@	at java.base/java.lang.reflect.Method.invoke(Method.java:566)
U	at org.springframework.util.ReflectionUtils.invokeMethod(ReflectionUtils.java:282)
[	at com.consol.citrus.testng.TestNGHelper.lambda$invokeTestMethod$1(TestNGHelper.java:82)
\	at com.consol.citrus.common.DefaultTestLoader.lambda$doLoad$1(DefaultTestLoader.java:116)
@	at java.base/java.util.ArrayList.forEach(ArrayList.java:1541)
S	at com.consol.citrus.common.DefaultTestLoader.doLoad(DefaultTestLoader.java:116)
P	at com.consol.citrus.common.DefaultTestLoader.load(DefaultTestLoader.java:94)
R	at com.consol.citrus.testng.TestNGHelper.invokeTestMethod(TestNGHelper.java:83)
g	at com.consol.citrus.testng.spring.TestNGCitrusSpringSupport.run(TestNGCitrusSpringSupport.java:185)
g	at com.consol.citrus.testng.spring.TestNGCitrusSpringSupport.run(TestNGCitrusSpringSupport.java:101)
i	at org.testng.internal.invokers.MethodInvocationHelper.invokeHookable(MethodInvocationHelper.java:272)
Q	at org.testng.internal.invokers.TestInvoker.invokeMethod(TestInvoker.java:669)
U	at org.testng.internal.invokers.TestInvoker.invokeTestMethod(TestInvoker.java:221)
S	at org.testng.internal.invokers.MethodRunner.runInSequence(MethodRunner.java:50)
a	at org.testng.internal.invokers.TestInvoker$MethodInvocationAgent.invoke(TestInvoker.java:969)
V	at org.testng.internal.invokers.TestInvoker.invokeTestMethods(TestInvoker.java:194)
`	at org.testng.internal.invokers.TestMethodWorker.invokeTestMethods(TestMethodWorker.java:148)
R	at org.testng.internal.invokers.TestMethodWorker.run(TestMethodWorker.java:128)
@	at java.base/java.util.ArrayList.forEach(ArrayList.java:1541)
;	at org.testng.TestRunner.privateRun(TestRunner.java:829)
4	at org.testng.TestRunner.run(TestRunner.java:602)
:	at org.testng.SuiteRunner.runTest(SuiteRunner.java:437)
B	at org.testng.SuiteRunner.runSequentially(SuiteRunner.java:431)
=	at org.testng.SuiteRunner.privateRun(SuiteRunner.java:391)
6	at org.testng.SuiteRunner.run(SuiteRunner.java:330)
F	at org.testng.SuiteRunnerWorker.runSuite(SuiteRunnerWorker.java:52)
A	at org.testng.SuiteRunnerWorker.run(SuiteRunnerWorker.java:95)
?	at org.testng.TestNG.runSuitesSequentially(TestNG.java:1256)
:	at org.testng.TestNG.runSuitesLocally(TestNG.java:1176)
3	at org.testng.TestNG.runSuites(TestNG.java:1099)
-	at org.testng.TestNG.run(TestNG.java:1067)
w	at org.gradle.api.internal.tasks.testing.testng.TestNGTestClassProcessor.runTests(TestNGTestClassProcessor.java:153)
r	at org.gradle.api.internal.tasks.testing.testng.TestNGTestClassProcessor.stop(TestNGTestClassProcessor.java:96)
i	at org.gradle.api.internal.tasks.testing.SuiteTestClassProcessor.stop(SuiteTestClassProcessor.java:62)
T	at java.base/jdk.internal.reflect.NativeMethodAccessorImpl.invoke0(Native Method)
f	at java.base/jdk.internal.reflect.NativeMethodAccessorImpl.invoke(NativeMethodAccessorImpl.java:62)
n	at java.base/jdk.internal.reflect.DelegatingMethodAccessorImpl.invoke(DelegatingMethodAccessorImpl.java:43)
@	at java.base/java.lang.reflect.Method.invoke(Method.java:566)
Z	at org.gradle.internal.dispatch.ReflectionDispatch.dispatch(ReflectionDispatch.java:36)
Z	at org.gradle.internal.dispatch.ReflectionDispatch.dispatch(ReflectionDispatch.java:24)
j	at org.gradle.internal.dispatch.ContextClassLoaderDispatch.dispatch(ContextClassLoaderDispatch.java:33)
y	at org.gradle.internal.dispatch.ProxyDispatchAdapter$DispatchingInvocationHandler.invoke(ProxyDispatchAdapter.java:94)
0	at com.sun.proxy.$Proxy2.stop(Unknown Source)
X	at org.gradle.api.internal.tasks.testing.worker.TestWorker$3.run(TestWorker.java:193)
o	at org.gradle.api.internal.tasks.testing.worker.TestWorker.executeAndMaintainThreadName(TestWorker.java:129)
Z	at org.gradle.api.internal.tasks.testing.worker.TestWorker.execute(TestWorker.java:100)
Y	at org.gradle.api.internal.tasks.testing.worker.TestWorker.execute(TestWorker.java:60)
k	at org.gradle.process.internal.worker.child.ActionExecutionWorker.execute(ActionExecutionWorker.java:56)
É	at org.gradle.process.internal.worker.child.SystemApplicationClassLoaderWorker.call(SystemApplicationClassLoaderWorker.java:119)
Ç	at org.gradle.process.internal.worker.child.SystemApplicationClassLoaderWorker.call(SystemApplicationClassLoaderWorker.java:66)
^	at worker.org.gradle.process.internal.worker.GradleWorkerMain.run(GradleWorkerMain.java:69)
_	at worker.org.gradle.process.internal.worker.GradleWorkerMain.main(GradleWorkerMain.java:74)
ìCaused by: java.lang.IllegalArgumentException: Values not equal for header element 'citrus_http_reason_phrase', expected 'OK' but was 'NOT_FOUND'
=	at org.springframework.util.Assert.isTrue(Assert.java:121)
h	at com.consol.citrus.validation.DefaultHeaderValidator.validateHeader(DefaultHeaderValidator.java:66)
	... 66 more
s22:31:14,178 INFO  port.LoggingReporter| ------------------------------------------------------------------------
+22:31:14,178 INFO  port.LoggingReporter| 
H22:31:14,194 DEBUG   util.TypeConverter| Using type converter 'spring'
+22:31:14,194 INFO  port.LoggingReporter| 
s22:31:14,194 INFO  port.LoggingReporter| ------------------------------------------------------------------------
o22:31:14,194 DEBUG port.LoggingReporter| STARTING TEST DuckActionsTestSwim.unsuccessfulSwim <autotests.tests>
+22:31:14,194 INFO  port.LoggingReporter| 
A22:31:14,194 DEBUG trus.DefaultTestCase| Initializing test case
Ä22:31:14,194 DEBUG  context.TestContext| Setting variable: citrus.test.name with value: 'DuckActionsTestSwim.unsuccessfulSwim'
n22:31:14,194 DEBUG  context.TestContext| Setting variable: citrus.test.package with value: 'autotests.tests'
Y22:31:14,194 DEBUG trus.DefaultTestCase| Initializing test parameter 'arg0' as variable
Ä22:31:14,194 DEBUG  context.TestContext| Setting variable: arg0 with value: 'com.consol.citrus.DefaultTestCaseRunner@73905dff'
:22:31:14,194 DEBUG trus.DefaultTestCase| Test variables:
P22:31:14,194 DEBUG trus.DefaultTestCase| citrus.test.package = autotests.tests
b22:31:14,194 DEBUG trus.DefaultTestCase| arg0 = com.consol.citrus.DefaultTestCaseRunner@73905dff
b22:31:14,194 DEBUG trus.DefaultTestCase| citrus.test.name = DuckActionsTestSwim.unsuccessfulSwim
U22:31:14,194 DEBUG  context.TestContext| Setting variable: duckId with value: '123'
+22:31:14,194 INFO  port.LoggingReporter| 
;22:31:14,194 DEBUG port.LoggingReporter| TEST STEP 0: sql
Ö22:31:14,194 DEBUG ons.ExecuteSQLAction| Executing SQL statement: insert into DUCK (id, color, height, material, sound, wings_state)
9values (123, 'yellow', 1.0, 'rubber', 'quack','ACTIVE')
M22:31:14,210 INFO  ons.ExecuteSQLAction| SQL statement execution successful
+22:31:14,210 INFO  port.LoggingReporter| 
>22:31:14,210 DEBUG port.LoggingReporter| TEST STEP 0 SUCCESS
+22:31:14,216 INFO  port.LoggingReporter| 
<22:31:14,216 DEBUG port.LoggingReporter| TEST STEP 0: send
s22:31:14,217 DEBUG ltCorrelationManager| Saving correlation key for 'citrus_message_correlator_yellowDuckService'
±22:31:14,217 DEBUG  context.TestContext| Setting variable: citrus_message_correlator_yellowDuckService with value: 'citrus_message_id = '0a43f962-3d98-4026-b65c-66b009fc2ed5''
¿22:31:14,217 DEBUG  context.TestContext| Setting variable: citrus_message_replyTo_citrus_message_correlator_yellowDuckService with value: 'http://localhost:2222/api/duck/action/swim?id=9999'
x22:31:14,217 INFO     client.HttpClient| Sending HTTP message to: 'http://localhost:2222/api/duck/action/swim?id=9999'
:22:31:14,217 DEBUG    client.HttpClient| Message to send:

G22:31:14,218 DEBUG ingClientInterceptor| Sending Http request message
H22:31:14,218 DEBUG   util.TypeConverter| Using type converter 'spring'
I22:31:14,219 DEBUG ingClientInterceptor| Received Http response message
H22:31:14,219 DEBUG   util.TypeConverter| Using type converter 'spring'
[22:31:14,219 INFO     client.HttpClient| Caught HTTP rest client exception: 404 Not Found
v22:31:14,219 INFO     client.HttpClient| Propagating HTTP rest client exception according to error handling strategy
Ñ22:31:14,219 DEBUG ltCorrelationManager| Saving correlated object for 'citrus_message_id = '0a43f962-3d98-4026-b65c-66b009fc2ed5''
+22:31:14,219 INFO  port.LoggingReporter| 
>22:31:14,219 DEBUG port.LoggingReporter| TEST STEP 0 SUCCESS
o22:31:14,219 DEBUG       util.FileUtils| Reading file resource: 'unsuccessfulSwim.json' (encoding is 'UTF-8')
+22:31:14,219 INFO  port.LoggingReporter| 
?22:31:14,219 DEBUG port.LoggingReporter| TEST STEP 0: receive
p22:31:14,219 DEBUG ngCorrelationManager| Get correlation key for 'citrus_message_correlator_yellowDuckService'
Ö22:31:14,219 DEBUG ltCorrelationManager| Finding correlated object for 'citrus_message_id = '0a43f962-3d98-4026-b65c-66b009fc2ed5''
;22:31:14,219 DEBUG ReceiveMessageAction| Received message:
CHTTPMESSAGE [id: 6288ef47-26f7-4157-b0e0-95ab1da19499, payload: {
(  "message": "Paws are not found (((("
È}][headers: {Transfer-Encoding=chunked, Connection=keep-alive, contentType=application/json, Date=1738251073000, citrus_message_id=6288ef47-26f7-4157-b0e0-95ab1da19499, citrus_message_timestamp=1738251074219, Keep-Alive=timeout=60, Content-Type=application/json, citrus_http_status_code=404, citrus_http_reason_phrase=NOT_FOUND, citrus_http_version=HTTP/1.1}]
:22:31:14,219 DEBUG ReceiveMessageAction| Control message:
CHTTPMESSAGE [id: 32395c3b-8067-419d-b0b0-1ce18405c49d, payload: {

   "message": "ID is not found"
‚}][headers: {citrus_message_id=32395c3b-8067-419d-b0b0-1ce18405c49d, citrus_message_timestamp=1738251074219, citrus_http_reason_phrase=OK, citrus_http_status_code=200, Content-Type=application/json, citrus_message_type=XML}]
Q22:31:14,233 DEBUG ageValidatorRegistry| Found 3 message validators for message
N22:31:14,233 DEBUG ssageHeaderValidator| Start message header validation ...
N22:31:14,233 DEBUG trus.DefaultTestCase| Entering finally block in test case
+22:31:14,233 INFO  port.LoggingReporter| 
j22:31:14,233 DEBUG port.LoggingReporter| TEST STEP 0: DuckActionsTestSwim$$Lambda$660/0x0000000840511840
+22:31:14,233 INFO  port.LoggingReporter| 
;22:31:14,233 DEBUG port.LoggingReporter| TEST STEP 0: sql
a22:31:14,233 DEBUG ons.ExecuteSQLAction| Executing SQL statement: DELETE FROM DUCK WHERE ID=123
M22:31:14,233 INFO  ons.ExecuteSQLAction| SQL statement execution successful
+22:31:14,233 INFO  port.LoggingReporter| 
>22:31:14,233 DEBUG port.LoggingReporter| TEST STEP 0 SUCCESS
+22:31:14,233 INFO  port.LoggingReporter| 
>22:31:14,233 DEBUG port.LoggingReporter| TEST STEP 0 SUCCESS
+22:31:14,233 INFO  port.LoggingReporter| 
É22:31:14,233 ERROR port.LoggingReporter| TEST FAILED DuckActionsTestSwim.unsuccessfulSwim <autotests.tests> Nested exception is: 
©com.consol.citrus.exceptions.ValidationException: Validation failed: Values not equal for header element 'citrus_http_reason_phrase', expected 'OK' but was 'NOT_FOUND'
h	at com.consol.citrus.validation.DefaultHeaderValidator.validateHeader(DefaultHeaderValidator.java:79)
x	at com.consol.citrus.validation.DefaultMessageHeaderValidator.validateMessage(DefaultMessageHeaderValidator.java:101)
w	at com.consol.citrus.validation.DefaultMessageHeaderValidator.validateMessage(DefaultMessageHeaderValidator.java:44)
m	at com.consol.citrus.validation.AbstractMessageValidator.validateMessage(AbstractMessageValidator.java:46)
c	at com.consol.citrus.actions.ReceiveMessageAction.validateMessage(ReceiveMessageAction.java:279)
]	at com.consol.citrus.actions.ReceiveMessageAction.doExecute(ReceiveMessageAction.java:168)
V	at com.consol.citrus.actions.AbstractTestAction.execute(AbstractTestAction.java:59)
O	at com.consol.citrus.DefaultTestCase.executeAction(DefaultTestCase.java:136)
Q	at com.consol.citrus.DefaultTestCaseRunner.run(DefaultTestCaseRunner.java:125)
D	at com.consol.citrus.TestActionRunner.$(TestActionRunner.java:35)
H	at autotests.clients.DuckClient.validateResponse(DuckClient.java:141)
W	at autotests.tests.DuckActionsTestSwim.unsuccessfulSwim(DuckActionsTestSwim.java:44)
T	at java.base/jdk.internal.reflect.NativeMethodAccessorImpl.invoke0(Native Method)
f	at java.base/jdk.internal.reflect.NativeMethodAccessorImpl.invoke(NativeMethodAccessorImpl.java:62)
n	at java.base/jdk.internal.reflect.DelegatingMethodAccessorImpl.invoke(DelegatingMethodAccessorImpl.java:43)
@	at java.base/java.lang.reflect.Method.invoke(Method.java:566)
U	at org.springframework.util.ReflectionUtils.invokeMethod(ReflectionUtils.java:282)
[	at com.consol.citrus.testng.TestNGHelper.lambda$invokeTestMethod$1(TestNGHelper.java:82)
\	at com.consol.citrus.common.DefaultTestLoader.lambda$doLoad$1(DefaultTestLoader.java:116)
@	at java.base/java.util.ArrayList.forEach(ArrayList.java:1541)
S	at com.consol.citrus.common.DefaultTestLoader.doLoad(DefaultTestLoader.java:116)
P	at com.consol.citrus.common.DefaultTestLoader.load(DefaultTestLoader.java:94)
R	at com.consol.citrus.testng.TestNGHelper.invokeTestMethod(TestNGHelper.java:83)
g	at com.consol.citrus.testng.spring.TestNGCitrusSpringSupport.run(TestNGCitrusSpringSupport.java:185)
g	at com.consol.citrus.testng.spring.TestNGCitrusSpringSupport.run(TestNGCitrusSpringSupport.java:101)
i	at org.testng.internal.invokers.MethodInvocationHelper.invokeHookable(MethodInvocationHelper.java:272)
Q	at org.testng.internal.invokers.TestInvoker.invokeMethod(TestInvoker.java:669)
U	at org.testng.internal.invokers.TestInvoker.invokeTestMethod(TestInvoker.java:221)
S	at org.testng.internal.invokers.MethodRunner.runInSequence(MethodRunner.java:50)
a	at org.testng.internal.invokers.TestInvoker$MethodInvocationAgent.invoke(TestInvoker.java:969)
V	at org.testng.internal.invokers.TestInvoker.invokeTestMethods(TestInvoker.java:194)
`	at org.testng.internal.invokers.TestMethodWorker.invokeTestMethods(TestMethodWorker.java:148)
R	at org.testng.internal.invokers.TestMethodWorker.run(TestMethodWorker.java:128)
@	at java.base/java.util.ArrayList.forEach(ArrayList.java:1541)
;	at org.testng.TestRunner.privateRun(TestRunner.java:829)
4	at org.testng.TestRunner.run(TestRunner.java:602)
:	at org.testng.SuiteRunner.runTest(SuiteRunner.java:437)
B	at org.testng.SuiteRunner.runSequentially(SuiteRunner.java:431)
=	at org.testng.SuiteRunner.privateRun(SuiteRunner.java:391)
6	at org.testng.SuiteRunner.run(SuiteRunner.java:330)
F	at org.testng.SuiteRunnerWorker.runSuite(SuiteRunnerWorker.java:52)
A	at org.testng.SuiteRunnerWorker.run(SuiteRunnerWorker.java:95)
?	at org.testng.TestNG.runSuitesSequentially(TestNG.java:1256)
:	at org.testng.TestNG.runSuitesLocally(TestNG.java:1176)
3	at org.testng.TestNG.runSuites(TestNG.java:1099)
-	at org.testng.TestNG.run(TestNG.java:1067)
w	at org.gradle.api.internal.tasks.testing.testng.TestNGTestClassProcessor.runTests(TestNGTestClassProcessor.java:153)
r	at org.gradle.api.internal.tasks.testing.testng.TestNGTestClassProcessor.stop(TestNGTestClassProcessor.java:96)
i	at org.gradle.api.internal.tasks.testing.SuiteTestClassProcessor.stop(SuiteTestClassProcessor.java:62)
T	at java.base/jdk.internal.reflect.NativeMethodAccessorImpl.invoke0(Native Method)
f	at java.base/jdk.internal.reflect.NativeMethodAccessorImpl.invoke(NativeMethodAccessorImpl.java:62)
n	at java.base/jdk.internal.reflect.DelegatingMethodAccessorImpl.invoke(DelegatingMethodAccessorImpl.java:43)
@	at java.base/java.lang.reflect.Method.invoke(Method.java:566)
Z	at org.gradle.internal.dispatch.ReflectionDispatch.dispatch(ReflectionDispatch.java:36)
Z	at org.gradle.internal.dispatch.ReflectionDispatch.dispatch(ReflectionDispatch.java:24)
j	at org.gradle.internal.dispatch.ContextClassLoaderDispatch.dispatch(ContextClassLoaderDispatch.java:33)
y	at org.gradle.internal.dispatch.ProxyDispatchAdapter$DispatchingInvocationHandler.invoke(ProxyDispatchAdapter.java:94)
0	at com.sun.proxy.$Proxy2.stop(Unknown Source)
X	at org.gradle.api.internal.tasks.testing.worker.TestWorker$3.run(TestWorker.java:193)
o	at org.gradle.api.internal.tasks.testing.worker.TestWorker.executeAndMaintainThreadName(TestWorker.java:129)
Z	at org.gradle.api.internal.tasks.testing.worker.TestWorker.execute(TestWorker.java:100)
Y	at org.gradle.api.internal.tasks.testing.worker.TestWorker.execute(TestWorker.java:60)
k	at org.gradle.process.internal.worker.child.ActionExecutionWorker.execute(ActionExecutionWorker.java:56)
É	at org.gradle.process.internal.worker.child.SystemApplicationClassLoaderWorker.call(SystemApplicationClassLoaderWorker.java:119)
Ç	at org.gradle.process.internal.worker.child.SystemApplicationClassLoaderWorker.call(SystemApplicationClassLoaderWorker.java:66)
^	at worker.org.gradle.process.internal.worker.GradleWorkerMain.run(GradleWorkerMain.java:69)
_	at worker.org.gradle.process.internal.worker.GradleWorkerMain.main(GradleWorkerMain.java:74)
ìCaused by: java.lang.IllegalArgumentException: Values not equal for header element 'citrus_http_reason_phrase', expected 'OK' but was 'NOT_FOUND'
=	at org.springframework.util.Assert.isTrue(Assert.java:121)
h	at com.consol.citrus.validation.DefaultHeaderValidator.validateHeader(DefaultHeaderValidator.java:66)
	... 66 more
s22:31:14,233 INFO  port.LoggingReporter| ------------------------------------------------------------------------
+22:31:14,233 INFO  port.LoggingReporter| 
H22:31:14,276 DEBUG   util.TypeConverter| Using type converter 'spring'
+22:31:14,281 INFO  port.LoggingReporter| 
s22:31:14,281 INFO  port.LoggingReporter| ------------------------------------------------------------------------
r22:31:14,287 DEBUG port.LoggingReporter| STARTING TEST DuckTestCreate.successfulCreationRubber <autotests.tests>
+22:31:14,287 INFO  port.LoggingReporter| 
A22:31:14,287 DEBUG trus.DefaultTestCase| Initializing test case
É22:31:14,287 DEBUG  context.TestContext| Setting variable: citrus.test.name with value: 'DuckTestCreate.successfulCreationRubber'
n22:31:14,287 DEBUG  context.TestContext| Setting variable: citrus.test.package with value: 'autotests.tests'
Y22:31:14,287 DEBUG trus.DefaultTestCase| Initializing test parameter 'arg0' as variable
22:31:14,287 DEBUG  context.TestContext| Setting variable: arg0 with value: 'com.consol.citrus.DefaultTestCaseRunner@b791e6e'
:22:31:14,287 DEBUG trus.DefaultTestCase| Test variables:
P22:31:14,287 DEBUG trus.DefaultTestCase| citrus.test.package = autotests.tests
a22:31:14,287 DEBUG trus.DefaultTestCase| arg0 = com.consol.citrus.DefaultTestCaseRunner@b791e6e
e22:31:14,287 DEBUG trus.DefaultTestCase| citrus.test.name = DuckTestCreate.successfulCreationRubber
+22:31:14,288 INFO  port.LoggingReporter| 
<22:31:14,288 DEBUG port.LoggingReporter| TEST STEP 0: send
s22:31:14,288 DEBUG ltCorrelationManager| Saving correlation key for 'citrus_message_correlator_yellowDuckService'
±22:31:14,288 DEBUG  context.TestContext| Setting variable: citrus_message_correlator_yellowDuckService with value: 'citrus_message_id = 'bf36ed95-6371-4faa-9af2-97a6c792fe9f''
≥22:31:14,288 DEBUG  context.TestContext| Setting variable: citrus_message_replyTo_citrus_message_correlator_yellowDuckService with value: 'http://localhost:2222/api/duck/create'
k22:31:14,288 INFO     client.HttpClient| Sending HTTP message to: 'http://localhost:2222/api/duck/create'
:22:31:14,288 DEBUG    client.HttpClient| Message to send:
[{"color":"yellow","height":1.0,"material":"rubber","sound":"quack","wingsState":"ACTIVE"}
G22:31:14,297 DEBUG ingClientInterceptor| Sending Http request message
H22:31:14,297 DEBUG   util.TypeConverter| Using type converter 'spring'
I22:31:14,315 DEBUG ingClientInterceptor| Received Http response message
H22:31:14,315 DEBUG   util.TypeConverter| Using type converter 'spring'
u22:31:14,318 INFO     client.HttpClient| HTTP message was sent to endpoint: 'http://localhost:2222/api/duck/create'
Ñ22:31:14,318 DEBUG ltCorrelationManager| Saving correlated object for 'citrus_message_id = 'bf36ed95-6371-4faa-9af2-97a6c792fe9f''
+22:31:14,318 INFO  port.LoggingReporter| 
>22:31:14,318 DEBUG port.LoggingReporter| TEST STEP 0 SUCCESS
+22:31:14,340 INFO  port.LoggingReporter| 
?22:31:14,340 DEBUG port.LoggingReporter| TEST STEP 0: receive
p22:31:14,340 DEBUG ngCorrelationManager| Get correlation key for 'citrus_message_correlator_yellowDuckService'
Ö22:31:14,340 DEBUG ltCorrelationManager| Finding correlated object for 'citrus_message_id = 'bf36ed95-6371-4faa-9af2-97a6c792fe9f''
;22:31:14,340 DEBUG ReceiveMessageAction| Received message:
CHTTPMESSAGE [id: b5a0fadc-037f-4cd8-951f-4f24fbd6c2bd, payload: {
  "id": 3,
  "color": "yellow",
  "height": 1.0,
  "material": "rubber",
  "sound": "quack",
  "wingsState": "ACTIVE"
‚}][headers: {Transfer-Encoding=chunked, Connection=keep-alive, contentType=application/json, Date=1738251073000, citrus_message_id=b5a0fadc-037f-4cd8-951f-4f24fbd6c2bd, citrus_message_timestamp=1738251074318, Keep-Alive=timeout=60, Content-Type=application/json, citrus_http_status_code=200, citrus_http_reason_phrase=OK, citrus_http_version=HTTP/1.1}]
A22:31:14,340 DEBUG oadVariableExtractor| Reading path elements.
N22:31:14,345 DEBUG athVariableExtractor| Reading JSON elements with JSONPath
O22:31:14,345 DEBUG athVariableExtractor| Evaluating JSONPath expression: $.id
S22:31:14,400 DEBUG  context.TestContext| Setting variable: duckId with value: '3'
:22:31:14,400 DEBUG ReceiveMessageAction| Control message:
CHTTPMESSAGE [id: 702d0824-13db-4cdb-9ef4-dda7356d2221, payload: {

  "id": 3,
  "color": "yellow",
  "height": 1.0,
  "material": "rubber",
  "sound": "quack",
  "wingsState": "ACTIVE"
√}][headers: {citrus_message_id=702d0824-13db-4cdb-9ef4-dda7356d2221, citrus_message_timestamp=1738251074322, citrus_http_reason_phrase=OK, citrus_http_status_code=200, citrus_message_type=XML}]
Q22:31:14,400 DEBUG ageValidatorRegistry| Found 3 message validators for message
N22:31:14,400 DEBUG ssageHeaderValidator| Start message header validation ...
i22:31:14,400 DEBUG faultHeaderValidator| Validating header element: citrus_http_reason_phrase='OK': OK.
h22:31:14,400 DEBUG faultHeaderValidator| Validating header element: citrus_http_status_code='200': OK.
^22:31:14,400 INFO  ssageHeaderValidator| Message header validation successful: All values OK
L22:31:14,400 DEBUG TextMessageValidator| Start JSON message validation ...
N22:31:14,400 DEBUG JsonSchemaValidation| Starting Json schema validation ...
[22:31:14,400 INFO  JsonSchemaValidation| Json schema validation successful: All values OK
`22:31:14,400 DEBUG TextMessageValidator| Validation successful for JSON entry 'color' (yellow)
c22:31:14,400 DEBUG TextMessageValidator| Validation successful for JSON entry 'material' (rubber)
e22:31:14,400 DEBUG TextMessageValidator| Validation successful for JSON entry 'wingsState' (ACTIVE)
_22:31:14,400 DEBUG TextMessageValidator| Validation successful for JSON entry 'sound' (quack)
X22:31:14,400 DEBUG TextMessageValidator| Validation successful for JSON entry 'id' (3)
^22:31:14,400 DEBUG TextMessageValidator| Validation successful for JSON entry 'height' (1.0)
\22:31:14,400 INFO  TextMessageValidator| JSON message validation successful: All values OK
+22:31:14,400 INFO  port.LoggingReporter| 
>22:31:14,400 DEBUG port.LoggingReporter| TEST STEP 0 SUCCESS
+22:31:14,415 INFO  port.LoggingReporter| 
A22:31:14,415 DEBUG port.LoggingReporter| TEST STEP 0: sql-query
]22:31:14,415 DEBUG xecuteSQLQueryAction| Executing SQL query: SELECT * FROM DUCK WHERE ID=3
I22:31:14,462 INFO  xecuteSQLQueryAction| SQL query execution successful
v22:31:14,462 DEBUG xecuteSQLQueryAction| Validation successful for column: 'COLOR' expected value: yellow - value OK
u22:31:14,462 DEBUG xecuteSQLQueryAction| Validation successful for column: 'SOUND' expected value: quack - value OK
|22:31:14,462 DEBUG xecuteSQLQueryAction| Validation successful for column: 'WINGS_STATE' expected value: ACTIVE - value OK
t22:31:14,462 DEBUG xecuteSQLQueryAction| Validation successful for column: 'HEIGHT' expected value: 1.0 - value OK
y22:31:14,462 DEBUG xecuteSQLQueryAction| Validation successful for column: 'MATERIAL' expected value: rubber - value OK
Y22:31:14,462 INFO  xecuteSQLQueryAction| SQL query validation successful: All values OK
W22:31:14,462 DEBUG  context.TestContext| Setting variable: COLOR with value: 'yellow'
V22:31:14,462 DEBUG  context.TestContext| Setting variable: SOUND with value: 'quack'
O22:31:14,462 DEBUG  context.TestContext| Setting variable: ID with value: '3'
]22:31:14,462 DEBUG  context.TestContext| Setting variable: WINGS_STATE with value: 'ACTIVE'
U22:31:14,462 DEBUG  context.TestContext| Setting variable: HEIGHT with value: '1.0'
Z22:31:14,462 DEBUG  context.TestContext| Setting variable: MATERIAL with value: 'rubber'
+22:31:14,462 INFO  port.LoggingReporter| 
>22:31:14,462 DEBUG port.LoggingReporter| TEST STEP 0 SUCCESS
N22:31:14,462 DEBUG trus.DefaultTestCase| Entering finally block in test case
+22:31:14,462 INFO  port.LoggingReporter| 
e22:31:14,462 DEBUG port.LoggingReporter| TEST STEP 0: DuckTestCreate$$Lambda$662/0x0000000840517840
+22:31:14,462 INFO  port.LoggingReporter| 
;22:31:14,462 DEBUG port.LoggingReporter| TEST STEP 0: sql
_22:31:14,462 DEBUG ons.ExecuteSQLAction| Executing SQL statement: DELETE FROM DUCK WHERE ID=3
M22:31:14,462 INFO  ons.ExecuteSQLAction| SQL statement execution successful
+22:31:14,462 INFO  port.LoggingReporter| 
>22:31:14,462 DEBUG port.LoggingReporter| TEST STEP 0 SUCCESS
+22:31:14,462 INFO  port.LoggingReporter| 
>22:31:14,462 DEBUG port.LoggingReporter| TEST STEP 0 SUCCESS
+22:31:14,462 INFO  port.LoggingReporter| 
q22:31:14,462 INFO  port.LoggingReporter| TEST SUCCESS DuckTestCreate.successfulCreationRubber (autotests.tests)
s22:31:14,462 INFO  port.LoggingReporter| ------------------------------------------------------------------------
+22:31:14,462 INFO  port.LoggingReporter| 
H22:31:14,478 DEBUG   util.TypeConverter| Using type converter 'spring'
+22:31:14,478 INFO  port.LoggingReporter| 
s22:31:14,478 INFO  port.LoggingReporter| ------------------------------------------------------------------------
p22:31:14,478 DEBUG port.LoggingReporter| STARTING TEST DuckTestCreate.successfulCreationWood <autotests.tests>
+22:31:14,478 INFO  port.LoggingReporter| 
A22:31:14,478 DEBUG trus.DefaultTestCase| Initializing test case
Å22:31:14,478 DEBUG  context.TestContext| Setting variable: citrus.test.name with value: 'DuckTestCreate.successfulCreationWood'
n22:31:14,478 DEBUG  context.TestContext| Setting variable: citrus.test.package with value: 'autotests.tests'
Y22:31:14,478 DEBUG trus.DefaultTestCase| Initializing test parameter 'arg0' as variable
Ä22:31:14,478 DEBUG  context.TestContext| Setting variable: arg0 with value: 'com.consol.citrus.DefaultTestCaseRunner@18adc20a'
:22:31:14,478 DEBUG trus.DefaultTestCase| Test variables:
P22:31:14,478 DEBUG trus.DefaultTestCase| citrus.test.package = autotests.tests
b22:31:14,478 DEBUG trus.DefaultTestCase| arg0 = com.consol.citrus.DefaultTestCaseRunner@18adc20a
c22:31:14,478 DEBUG trus.DefaultTestCase| citrus.test.name = DuckTestCreate.successfulCreationWood
+22:31:14,478 INFO  port.LoggingReporter| 
<22:31:14,478 DEBUG port.LoggingReporter| TEST STEP 0: send
s22:31:14,478 DEBUG ltCorrelationManager| Saving correlation key for 'citrus_message_correlator_yellowDuckService'
±22:31:14,478 DEBUG  context.TestContext| Setting variable: citrus_message_correlator_yellowDuckService with value: 'citrus_message_id = 'a7e930e7-cf64-4af1-8ffd-a996e5c0f66b''
≥22:31:14,478 DEBUG  context.TestContext| Setting variable: citrus_message_replyTo_citrus_message_correlator_yellowDuckService with value: 'http://localhost:2222/api/duck/create'
k22:31:14,478 INFO     client.HttpClient| Sending HTTP message to: 'http://localhost:2222/api/duck/create'
:22:31:14,478 DEBUG    client.HttpClient| Message to send:
Y{"color":"yellow","height":1.0,"material":"wood","sound":"quack","wingsState":"ACTIVE"}
G22:31:14,494 DEBUG ingClientInterceptor| Sending Http request message
H22:31:14,494 DEBUG   util.TypeConverter| Using type converter 'spring'
I22:31:14,508 DEBUG ingClientInterceptor| Received Http response message
H22:31:14,508 DEBUG   util.TypeConverter| Using type converter 'spring'
u22:31:14,508 INFO     client.HttpClient| HTTP message was sent to endpoint: 'http://localhost:2222/api/duck/create'
Ñ22:31:14,508 DEBUG ltCorrelationManager| Saving correlated object for 'citrus_message_id = 'a7e930e7-cf64-4af1-8ffd-a996e5c0f66b''
+22:31:14,508 INFO  port.LoggingReporter| 
>22:31:14,508 DEBUG port.LoggingReporter| TEST STEP 0 SUCCESS
+22:31:14,508 INFO  port.LoggingReporter| 
?22:31:14,508 DEBUG port.LoggingReporter| TEST STEP 0: receive
p22:31:14,508 DEBUG ngCorrelationManager| Get correlation key for 'citrus_message_correlator_yellowDuckService'
Ö22:31:14,508 DEBUG ltCorrelationManager| Finding correlated object for 'citrus_message_id = 'a7e930e7-cf64-4af1-8ffd-a996e5c0f66b''
;22:31:14,508 DEBUG ReceiveMessageAction| Received message:
CHTTPMESSAGE [id: 425e79ee-3f3a-480f-bb1a-c1e37d9ede67, payload: {
  "id": 4,
  "color": "yellow",
  "height": 1.0,
  "material": "wood",
  "sound": "quack",
  "wingsState": "ACTIVE"
‚}][headers: {Transfer-Encoding=chunked, Connection=keep-alive, contentType=application/json, Date=1738251073000, citrus_message_id=425e79ee-3f3a-480f-bb1a-c1e37d9ede67, citrus_message_timestamp=1738251074508, Keep-Alive=timeout=60, Content-Type=application/json, citrus_http_status_code=200, citrus_http_reason_phrase=OK, citrus_http_version=HTTP/1.1}]
A22:31:14,508 DEBUG oadVariableExtractor| Reading path elements.
N22:31:14,508 DEBUG athVariableExtractor| Reading JSON elements with JSONPath
O22:31:14,508 DEBUG athVariableExtractor| Evaluating JSONPath expression: $.id
S22:31:14,508 DEBUG  context.TestContext| Setting variable: duckId with value: '4'
:22:31:14,508 DEBUG ReceiveMessageAction| Control message:
CHTTPMESSAGE [id: 882b9589-22f1-4730-863a-bbb71408cc9b, payload: {

  "id": 4,
  "color": "yellow",
  "height": 1.0,
  "material": "wood",
  "sound": "quack",
  "wingsState": "ACTIVE"
√}][headers: {citrus_message_id=882b9589-22f1-4730-863a-bbb71408cc9b, citrus_message_timestamp=1738251074508, citrus_http_reason_phrase=OK, citrus_http_status_code=200, citrus_message_type=XML}]
Q22:31:14,508 DEBUG ageValidatorRegistry| Found 3 message validators for message
N22:31:14,508 DEBUG ssageHeaderValidator| Start message header validation ...
i22:31:14,508 DEBUG faultHeaderValidator| Validating header element: citrus_http_reason_phrase='OK': OK.
h22:31:14,508 DEBUG faultHeaderValidator| Validating header element: citrus_http_status_code='200': OK.
^22:31:14,508 INFO  ssageHeaderValidator| Message header validation successful: All values OK
L22:31:14,508 DEBUG TextMessageValidator| Start JSON message validation ...
N22:31:14,508 DEBUG JsonSchemaValidation| Starting Json schema validation ...
[22:31:14,508 INFO  JsonSchemaValidation| Json schema validation successful: All values OK
`22:31:14,508 DEBUG TextMessageValidator| Validation successful for JSON entry 'color' (yellow)
a22:31:14,508 DEBUG TextMessageValidator| Validation successful for JSON entry 'material' (wood)
e22:31:14,508 DEBUG TextMessageValidator| Validation successful for JSON entry 'wingsState' (ACTIVE)
_22:31:14,508 DEBUG TextMessageValidator| Validation successful for JSON entry 'sound' (quack)
X22:31:14,508 DEBUG TextMessageValidator| Validation successful for JSON entry 'id' (4)
^22:31:14,508 DEBUG TextMessageValidator| Validation successful for JSON entry 'height' (1.0)
\22:31:14,508 INFO  TextMessageValidator| JSON message validation successful: All values OK
+22:31:14,508 INFO  port.LoggingReporter| 
>22:31:14,508 DEBUG port.LoggingReporter| TEST STEP 0 SUCCESS
+22:31:14,508 INFO  port.LoggingReporter| 
A22:31:14,508 DEBUG port.LoggingReporter| TEST STEP 0: sql-query
]22:31:14,508 DEBUG xecuteSQLQueryAction| Executing SQL query: SELECT * FROM DUCK WHERE ID=4
I22:31:14,508 INFO  xecuteSQLQueryAction| SQL query execution successful
v22:31:14,508 DEBUG xecuteSQLQueryAction| Validation successful for column: 'COLOR' expected value: yellow - value OK
u22:31:14,508 DEBUG xecuteSQLQueryAction| Validation successful for column: 'SOUND' expected value: quack - value OK
|22:31:14,508 DEBUG xecuteSQLQueryAction| Validation successful for column: 'WINGS_STATE' expected value: ACTIVE - value OK
t22:31:14,508 DEBUG xecuteSQLQueryAction| Validation successful for column: 'HEIGHT' expected value: 1.0 - value OK
w22:31:14,508 DEBUG xecuteSQLQueryAction| Validation successful for column: 'MATERIAL' expected value: wood - value OK
Y22:31:14,508 INFO  xecuteSQLQueryAction| SQL query validation successful: All values OK
W22:31:14,508 DEBUG  context.TestContext| Setting variable: COLOR with value: 'yellow'
V22:31:14,508 DEBUG  context.TestContext| Setting variable: SOUND with value: 'quack'
O22:31:14,508 DEBUG  context.TestContext| Setting variable: ID with value: '4'
]22:31:14,508 DEBUG  context.TestContext| Setting variable: WINGS_STATE with value: 'ACTIVE'
U22:31:14,508 DEBUG  context.TestContext| Setting variable: HEIGHT with value: '1.0'
X22:31:14,508 DEBUG  context.TestContext| Setting variable: MATERIAL with value: 'wood'
+22:31:14,508 INFO  port.LoggingReporter| 
>22:31:14,508 DEBUG port.LoggingReporter| TEST STEP 0 SUCCESS
N22:31:14,508 DEBUG trus.DefaultTestCase| Entering finally block in test case
+22:31:14,508 INFO  port.LoggingReporter| 
e22:31:14,508 DEBUG port.LoggingReporter| TEST STEP 0: DuckTestCreate$$Lambda$666/0x000000084052f840
+22:31:14,508 INFO  port.LoggingReporter| 
;22:31:14,508 DEBUG port.LoggingReporter| TEST STEP 0: sql
_22:31:14,508 DEBUG ons.ExecuteSQLAction| Executing SQL statement: DELETE FROM DUCK WHERE ID=4
M22:31:14,508 INFO  ons.ExecuteSQLAction| SQL statement execution successful
+22:31:14,508 INFO  port.LoggingReporter| 
>22:31:14,508 DEBUG port.LoggingReporter| TEST STEP 0 SUCCESS
+22:31:14,508 INFO  port.LoggingReporter| 
>22:31:14,508 DEBUG port.LoggingReporter| TEST STEP 0 SUCCESS
+22:31:14,508 INFO  port.LoggingReporter| 
o22:31:14,508 INFO  port.LoggingReporter| TEST SUCCESS DuckTestCreate.successfulCreationWood (autotests.tests)
s22:31:14,508 INFO  port.LoggingReporter| ------------------------------------------------------------------------
+22:31:14,508 INFO  port.LoggingReporter| 
H22:31:14,544 DEBUG   util.TypeConverter| Using type converter 'spring'
+22:31:14,544 INFO  port.LoggingReporter| 
s22:31:14,544 INFO  port.LoggingReporter| ------------------------------------------------------------------------
g22:31:14,544 DEBUG port.LoggingReporter| STARTING TEST DuckTestDelete.successfulFly <autotests.tests>
+22:31:14,544 INFO  port.LoggingReporter| 
A22:31:14,544 DEBUG trus.DefaultTestCase| Initializing test case
x22:31:14,544 DEBUG  context.TestContext| Setting variable: citrus.test.name with value: 'DuckTestDelete.successfulFly'
n22:31:14,544 DEBUG  context.TestContext| Setting variable: citrus.test.package with value: 'autotests.tests'
Y22:31:14,560 DEBUG trus.DefaultTestCase| Initializing test parameter 'arg0' as variable
Ä22:31:14,560 DEBUG  context.TestContext| Setting variable: arg0 with value: 'com.consol.citrus.DefaultTestCaseRunner@6e96f3cd'
:22:31:14,560 DEBUG trus.DefaultTestCase| Test variables:
P22:31:14,560 DEBUG trus.DefaultTestCase| citrus.test.package = autotests.tests
b22:31:14,560 DEBUG trus.DefaultTestCase| arg0 = com.consol.citrus.DefaultTestCaseRunner@6e96f3cd
Z22:31:14,560 DEBUG trus.DefaultTestCase| citrus.test.name = DuckTestDelete.successfulFly
U22:31:14,560 DEBUG  context.TestContext| Setting variable: duckId with value: '126'
+22:31:14,560 INFO  port.LoggingReporter| 
;22:31:14,560 DEBUG port.LoggingReporter| TEST STEP 0: sql
Ö22:31:14,560 DEBUG ons.ExecuteSQLAction| Executing SQL statement: insert into DUCK (id, color, height, material, sound, wings_state)
<values (126, 'yellow', 1.0, 'rubber', 'quack','UNDEFINED')
M22:31:14,560 INFO  ons.ExecuteSQLAction| SQL statement execution successful
+22:31:14,560 INFO  port.LoggingReporter| 
>22:31:14,560 DEBUG port.LoggingReporter| TEST STEP 0 SUCCESS
+22:31:14,560 INFO  port.LoggingReporter| 
<22:31:14,560 DEBUG port.LoggingReporter| TEST STEP 0: send
s22:31:14,560 DEBUG ltCorrelationManager| Saving correlation key for 'citrus_message_correlator_yellowDuckService'
±22:31:14,560 DEBUG  context.TestContext| Setting variable: citrus_message_correlator_yellowDuckService with value: 'citrus_message_id = '6c85d6aa-3a10-4fce-b4a7-f67b8161238a''
∫22:31:14,560 DEBUG  context.TestContext| Setting variable: citrus_message_replyTo_citrus_message_correlator_yellowDuckService with value: 'http://localhost:2222/api/duck/delete?id=126'
r22:31:14,560 INFO     client.HttpClient| Sending HTTP message to: 'http://localhost:2222/api/duck/delete?id=126'
:22:31:14,560 DEBUG    client.HttpClient| Message to send:

G22:31:14,560 DEBUG ingClientInterceptor| Sending Http request message
H22:31:14,560 DEBUG   util.TypeConverter| Using type converter 'spring'
I22:31:14,574 DEBUG ingClientInterceptor| Received Http response message
H22:31:14,574 DEBUG   util.TypeConverter| Using type converter 'spring'
|22:31:14,574 INFO     client.HttpClient| HTTP message was sent to endpoint: 'http://localhost:2222/api/duck/delete?id=126'
Ñ22:31:14,574 DEBUG ltCorrelationManager| Saving correlated object for 'citrus_message_id = '6c85d6aa-3a10-4fce-b4a7-f67b8161238a''
+22:31:14,574 INFO  port.LoggingReporter| 
>22:31:14,574 DEBUG port.LoggingReporter| TEST STEP 0 SUCCESS
o22:31:14,574 DEBUG       util.FileUtils| Reading file resource: 'successfulDelete.json' (encoding is 'UTF-8')
+22:31:14,574 INFO  port.LoggingReporter| 
?22:31:14,574 DEBUG port.LoggingReporter| TEST STEP 0: receive
p22:31:14,574 DEBUG ngCorrelationManager| Get correlation key for 'citrus_message_correlator_yellowDuckService'
Ö22:31:14,574 DEBUG ltCorrelationManager| Finding correlated object for 'citrus_message_id = '6c85d6aa-3a10-4fce-b4a7-f67b8161238a''
;22:31:14,574 DEBUG ReceiveMessageAction| Received message:
CHTTPMESSAGE [id: e158e5fa-7c16-4f0f-9735-f1a79cb2b352, payload: {
   "message": "Duck is deleted"
‚}][headers: {Transfer-Encoding=chunked, Connection=keep-alive, contentType=application/json, Date=1738251073000, citrus_message_id=e158e5fa-7c16-4f0f-9735-f1a79cb2b352, citrus_message_timestamp=1738251074574, Keep-Alive=timeout=60, Content-Type=application/json, citrus_http_status_code=200, citrus_http_reason_phrase=OK, citrus_http_version=HTTP/1.1}]
:22:31:14,574 DEBUG ReceiveMessageAction| Control message:
CHTTPMESSAGE [id: 366203eb-a994-456f-932c-25f0c9b29e26, payload: {

   "message": "Duck is deleted"
‚}][headers: {citrus_message_id=366203eb-a994-456f-932c-25f0c9b29e26, citrus_message_timestamp=1738251074574, citrus_http_reason_phrase=OK, citrus_http_status_code=200, Content-Type=application/json, citrus_message_type=XML}]
Q22:31:14,574 DEBUG ageValidatorRegistry| Found 3 message validators for message
N22:31:14,574 DEBUG ssageHeaderValidator| Start message header validation ...
i22:31:14,574 DEBUG faultHeaderValidator| Validating header element: citrus_http_reason_phrase='OK': OK.
h22:31:14,574 DEBUG faultHeaderValidator| Validating header element: citrus_http_status_code='200': OK.
j22:31:14,574 DEBUG faultHeaderValidator| Validating header element: Content-Type='application/json': OK.
^22:31:14,574 INFO  ssageHeaderValidator| Message header validation successful: All values OK
L22:31:14,574 DEBUG TextMessageValidator| Start JSON message validation ...
N22:31:14,574 DEBUG JsonSchemaValidation| Starting Json schema validation ...
[22:31:14,574 INFO  JsonSchemaValidation| Json schema validation successful: All values OK
k22:31:14,574 DEBUG TextMessageValidator| Validation successful for JSON entry 'message' (Duck is deleted)
\22:31:14,574 INFO  TextMessageValidator| JSON message validation successful: All values OK
+22:31:14,574 INFO  port.LoggingReporter| 
>22:31:14,574 DEBUG port.LoggingReporter| TEST STEP 0 SUCCESS
+22:31:14,574 INFO  port.LoggingReporter| 
<22:31:14,574 DEBUG port.LoggingReporter| TEST STEP 0: send
s22:31:14,574 DEBUG ltCorrelationManager| Saving correlation key for 'citrus_message_correlator_yellowDuckService'
±22:31:14,574 DEBUG  context.TestContext| Setting variable: citrus_message_correlator_yellowDuckService with value: 'citrus_message_id = '1cbb2dbe-5b84-478c-b60a-475638e01010''
∂22:31:14,574 DEBUG  context.TestContext| Setting variable: citrus_message_replyTo_citrus_message_correlator_yellowDuckService with value: 'http://localhost:2222/api/duck/getAllIds'
n22:31:14,574 INFO     client.HttpClient| Sending HTTP message to: 'http://localhost:2222/api/duck/getAllIds'
:22:31:14,574 DEBUG    client.HttpClient| Message to send:

G22:31:14,590 DEBUG ingClientInterceptor| Sending Http request message
H22:31:14,590 DEBUG   util.TypeConverter| Using type converter 'spring'
I22:31:14,590 DEBUG ingClientInterceptor| Received Http response message
H22:31:14,590 DEBUG   util.TypeConverter| Using type converter 'spring'
x22:31:14,590 INFO     client.HttpClient| HTTP message was sent to endpoint: 'http://localhost:2222/api/duck/getAllIds'
Ñ22:31:14,590 DEBUG ltCorrelationManager| Saving correlated object for 'citrus_message_id = '1cbb2dbe-5b84-478c-b60a-475638e01010''
+22:31:14,590 INFO  port.LoggingReporter| 
>22:31:14,590 DEBUG port.LoggingReporter| TEST STEP 0 SUCCESS
q22:31:14,590 DEBUG       util.FileUtils| Reading file resource: 'successfulDeleteDB.json' (encoding is 'UTF-8')
+22:31:14,590 INFO  port.LoggingReporter| 
?22:31:14,590 DEBUG port.LoggingReporter| TEST STEP 0: receive
p22:31:14,590 DEBUG ngCorrelationManager| Get correlation key for 'citrus_message_correlator_yellowDuckService'
Ö22:31:14,590 DEBUG ltCorrelationManager| Finding correlated object for 'citrus_message_id = '1cbb2dbe-5b84-478c-b60a-475638e01010''
;22:31:14,605 DEBUG ReceiveMessageAction| Received message:
£HTTPMESSAGE [id: 5bee7322-5fef-4247-9e1a-5ad35e6fa857, payload: []][headers: {Transfer-Encoding=chunked, Connection=keep-alive, contentType=application/json, Date=1738251073000, citrus_message_id=5bee7322-5fef-4247-9e1a-5ad35e6fa857, citrus_message_timestamp=1738251074590, Keep-Alive=timeout=60, Content-Type=application/json, citrus_http_status_code=200, citrus_http_reason_phrase=OK, citrus_http_version=HTTP/1.1}]
:22:31:14,605 DEBUG ReceiveMessageAction| Control message:
£HTTPMESSAGE [id: 0ac81b3b-2bf1-4026-b670-72506cf9eafd, payload: []][headers: {citrus_message_id=0ac81b3b-2bf1-4026-b670-72506cf9eafd, citrus_message_timestamp=1738251074590, citrus_http_reason_phrase=OK, citrus_http_status_code=200, Content-Type=application/json, citrus_message_type=XML}]
Q22:31:14,605 DEBUG ageValidatorRegistry| Found 3 message validators for message
N22:31:14,605 DEBUG ssageHeaderValidator| Start message header validation ...
i22:31:14,605 DEBUG faultHeaderValidator| Validating header element: citrus_http_reason_phrase='OK': OK.
h22:31:14,605 DEBUG faultHeaderValidator| Validating header element: citrus_http_status_code='200': OK.
j22:31:14,605 DEBUG faultHeaderValidator| Validating header element: Content-Type='application/json': OK.
^22:31:14,605 INFO  ssageHeaderValidator| Message header validation successful: All values OK
L22:31:14,605 DEBUG TextMessageValidator| Start JSON message validation ...
N22:31:14,605 DEBUG JsonSchemaValidation| Starting Json schema validation ...
[22:31:14,605 INFO  JsonSchemaValidation| Json schema validation successful: All values OK
T22:31:14,605 DEBUG TextMessageValidator| Validating JSONArray containing 0 entries
\22:31:14,605 DEBUG TextMessageValidator| Validation successful for JSON entry 'array' ([])
\22:31:14,605 INFO  TextMessageValidator| JSON message validation successful: All values OK
+22:31:14,605 INFO  port.LoggingReporter| 
>22:31:14,605 DEBUG port.LoggingReporter| TEST STEP 0 SUCCESS
+22:31:14,605 INFO  port.LoggingReporter| 
f22:31:14,605 INFO  port.LoggingReporter| TEST SUCCESS DuckTestDelete.successfulFly (autotests.tests)
s22:31:14,605 INFO  port.LoggingReporter| ------------------------------------------------------------------------
+22:31:14,605 INFO  port.LoggingReporter| 
H22:31:14,635 DEBUG   util.TypeConverter| Using type converter 'spring'
+22:31:14,635 INFO  port.LoggingReporter| 
s22:31:14,635 INFO  port.LoggingReporter| ------------------------------------------------------------------------
j22:31:14,635 DEBUG port.LoggingReporter| STARTING TEST DuckTestUpdate.successfulUpdate <autotests.tests>
+22:31:14,635 INFO  port.LoggingReporter| 
A22:31:14,635 DEBUG trus.DefaultTestCase| Initializing test case
{22:31:14,635 DEBUG  context.TestContext| Setting variable: citrus.test.name with value: 'DuckTestUpdate.successfulUpdate'
n22:31:14,635 DEBUG  context.TestContext| Setting variable: citrus.test.package with value: 'autotests.tests'
Y22:31:14,635 DEBUG trus.DefaultTestCase| Initializing test parameter 'arg0' as variable
Ä22:31:14,635 DEBUG  context.TestContext| Setting variable: arg0 with value: 'com.consol.citrus.DefaultTestCaseRunner@1d686622'
:22:31:14,635 DEBUG trus.DefaultTestCase| Test variables:
P22:31:14,635 DEBUG trus.DefaultTestCase| citrus.test.package = autotests.tests
b22:31:14,635 DEBUG trus.DefaultTestCase| arg0 = com.consol.citrus.DefaultTestCaseRunner@1d686622
]22:31:14,635 DEBUG trus.DefaultTestCase| citrus.test.name = DuckTestUpdate.successfulUpdate
U22:31:14,635 DEBUG  context.TestContext| Setting variable: duckId with value: '123'
+22:31:14,635 INFO  port.LoggingReporter| 
;22:31:14,635 DEBUG port.LoggingReporter| TEST STEP 0: sql
Ö22:31:14,635 DEBUG ons.ExecuteSQLAction| Executing SQL statement: insert into DUCK (id, color, height, material, sound, wings_state)
;values (123, 'yellow', 150.0, 'rubber', 'quack','ACTIVE')
M22:31:14,635 INFO  ons.ExecuteSQLAction| SQL statement execution successful
+22:31:14,635 INFO  port.LoggingReporter| 
>22:31:14,635 DEBUG port.LoggingReporter| TEST STEP 0 SUCCESS
+22:31:14,635 INFO  port.LoggingReporter| 
<22:31:14,635 DEBUG port.LoggingReporter| TEST STEP 0: send
s22:31:14,635 DEBUG ltCorrelationManager| Saving correlation key for 'citrus_message_correlator_yellowDuckService'
±22:31:14,635 DEBUG  context.TestContext| Setting variable: citrus_message_correlator_yellowDuckService with value: 'citrus_message_id = 'f7c8782f-cae9-432e-9dc4-592a4ec44e98''
˝22:31:14,635 DEBUG  context.TestContext| Setting variable: citrus_message_replyTo_citrus_message_correlator_yellowDuckService with value: 'http://localhost:2222/api/duck/update?color=black&material=rubber&wingsState=ACTIVE&sound=quack&id=123&height=1'
µ22:31:14,635 INFO     client.HttpClient| Sending HTTP message to: 'http://localhost:2222/api/duck/update?color=black&material=rubber&wingsState=ACTIVE&sound=quack&id=123&height=1'
:22:31:14,635 DEBUG    client.HttpClient| Message to send:

G22:31:14,635 DEBUG ingClientInterceptor| Sending Http request message
H22:31:14,635 DEBUG   util.TypeConverter| Using type converter 'spring'
I22:31:14,651 DEBUG ingClientInterceptor| Received Http response message
H22:31:14,651 DEBUG   util.TypeConverter| Using type converter 'spring'
ø22:31:14,651 INFO     client.HttpClient| HTTP message was sent to endpoint: 'http://localhost:2222/api/duck/update?color=black&material=rubber&wingsState=ACTIVE&sound=quack&id=123&height=1'
Ñ22:31:14,651 DEBUG ltCorrelationManager| Saving correlated object for 'citrus_message_id = 'f7c8782f-cae9-432e-9dc4-592a4ec44e98''
+22:31:14,651 INFO  port.LoggingReporter| 
>22:31:14,667 DEBUG port.LoggingReporter| TEST STEP 0 SUCCESS
+22:31:14,667 INFO  port.LoggingReporter| 
?22:31:14,667 DEBUG port.LoggingReporter| TEST STEP 0: receive
p22:31:14,667 DEBUG ngCorrelationManager| Get correlation key for 'citrus_message_correlator_yellowDuckService'
Ö22:31:14,667 DEBUG ltCorrelationManager| Finding correlated object for 'citrus_message_id = 'f7c8782f-cae9-432e-9dc4-592a4ec44e98''
;22:31:14,667 DEBUG ReceiveMessageAction| Received message:
CHTTPMESSAGE [id: b957c2a0-af18-475d-abb9-7ade641ebc39, payload: {
.  "message": "Duck with id = 123 is updated"
‚}][headers: {Transfer-Encoding=chunked, Connection=keep-alive, contentType=application/json, Date=1738251073000, citrus_message_id=b957c2a0-af18-475d-abb9-7ade641ebc39, citrus_message_timestamp=1738251074651, Keep-Alive=timeout=60, Content-Type=application/json, citrus_http_status_code=200, citrus_http_reason_phrase=OK, citrus_http_version=HTTP/1.1}]
:22:31:14,667 DEBUG ReceiveMessageAction| Control message:
CHTTPMESSAGE [id: ab5671a1-6e8f-403d-af82-9e6c686412de, payload: {

-  "message": "Duck with id = 123 is updated"
‚}][headers: {citrus_message_id=ab5671a1-6e8f-403d-af82-9e6c686412de, citrus_message_timestamp=1738251074667, citrus_http_reason_phrase=OK, citrus_http_status_code=200, Content-Type=application/json, citrus_message_type=XML}]
Q22:31:14,667 DEBUG ageValidatorRegistry| Found 3 message validators for message
N22:31:14,667 DEBUG ssageHeaderValidator| Start message header validation ...
i22:31:14,667 DEBUG faultHeaderValidator| Validating header element: citrus_http_reason_phrase='OK': OK.
h22:31:14,667 DEBUG faultHeaderValidator| Validating header element: citrus_http_status_code='200': OK.
j22:31:14,667 DEBUG faultHeaderValidator| Validating header element: Content-Type='application/json': OK.
^22:31:14,667 INFO  ssageHeaderValidator| Message header validation successful: All values OK
L22:31:14,667 DEBUG TextMessageValidator| Start JSON message validation ...
N22:31:14,667 DEBUG JsonSchemaValidation| Starting Json schema validation ...
[22:31:14,667 INFO  JsonSchemaValidation| Json schema validation successful: All values OK
y22:31:14,667 DEBUG TextMessageValidator| Validation successful for JSON entry 'message' (Duck with id = 123 is updated)
\22:31:14,667 INFO  TextMessageValidator| JSON message validation successful: All values OK
+22:31:14,667 INFO  port.LoggingReporter| 
>22:31:14,667 DEBUG port.LoggingReporter| TEST STEP 0 SUCCESS
+22:31:14,667 INFO  port.LoggingReporter| 
A22:31:14,667 DEBUG port.LoggingReporter| TEST STEP 0: sql-query
_22:31:14,667 DEBUG xecuteSQLQueryAction| Executing SQL query: SELECT * FROM DUCK WHERE ID=123
I22:31:14,667 INFO  xecuteSQLQueryAction| SQL query execution successful
u22:31:14,667 DEBUG xecuteSQLQueryAction| Validation successful for column: 'COLOR' expected value: black - value OK
u22:31:14,667 DEBUG xecuteSQLQueryAction| Validation successful for column: 'SOUND' expected value: quack - value OK
|22:31:14,667 DEBUG xecuteSQLQueryAction| Validation successful for column: 'WINGS_STATE' expected value: ACTIVE - value OK
t22:31:14,667 DEBUG xecuteSQLQueryAction| Validation successful for column: 'HEIGHT' expected value: 1.0 - value OK
y22:31:14,667 DEBUG xecuteSQLQueryAction| Validation successful for column: 'MATERIAL' expected value: rubber - value OK
Y22:31:14,667 INFO  xecuteSQLQueryAction| SQL query validation successful: All values OK
V22:31:14,667 DEBUG  context.TestContext| Setting variable: COLOR with value: 'black'
V22:31:14,667 DEBUG  context.TestContext| Setting variable: SOUND with value: 'quack'
Q22:31:14,667 DEBUG  context.TestContext| Setting variable: ID with value: '123'
]22:31:14,667 DEBUG  context.TestContext| Setting variable: WINGS_STATE with value: 'ACTIVE'
U22:31:14,667 DEBUG  context.TestContext| Setting variable: HEIGHT with value: '1.0'
Z22:31:14,667 DEBUG  context.TestContext| Setting variable: MATERIAL with value: 'rubber'
+22:31:14,667 INFO  port.LoggingReporter| 
>22:31:14,667 DEBUG port.LoggingReporter| TEST STEP 0 SUCCESS
N22:31:14,667 DEBUG trus.DefaultTestCase| Entering finally block in test case
+22:31:14,667 INFO  port.LoggingReporter| 
e22:31:14,667 DEBUG port.LoggingReporter| TEST STEP 0: DuckTestUpdate$$Lambda$667/0x000000084052f040
+22:31:14,667 INFO  port.LoggingReporter| 
;22:31:14,667 DEBUG port.LoggingReporter| TEST STEP 0: sql
a22:31:14,667 DEBUG ons.ExecuteSQLAction| Executing SQL statement: DELETE FROM DUCK WHERE ID=123
M22:31:14,667 INFO  ons.ExecuteSQLAction| SQL statement execution successful
+22:31:14,667 INFO  port.LoggingReporter| 
>22:31:14,667 DEBUG port.LoggingReporter| TEST STEP 0 SUCCESS
+22:31:14,667 INFO  port.LoggingReporter| 
>22:31:14,667 DEBUG port.LoggingReporter| TEST STEP 0 SUCCESS
+22:31:14,667 INFO  port.LoggingReporter| 
i22:31:14,667 INFO  port.LoggingReporter| TEST SUCCESS DuckTestUpdate.successfulUpdate (autotests.tests)
s22:31:14,667 INFO  port.LoggingReporter| ------------------------------------------------------------------------
+22:31:14,667 INFO  port.LoggingReporter| 
H22:31:14,698 DEBUG   util.TypeConverter| Using type converter 'spring'
+22:31:14,705 INFO  port.LoggingReporter| 
s22:31:14,705 INFO  port.LoggingReporter| ------------------------------------------------------------------------
k22:31:14,705 DEBUG port.LoggingReporter| STARTING TEST DuckTestUpdate.successfulUpdate2 <autotests.tests>
+22:31:14,705 INFO  port.LoggingReporter| 
A22:31:14,705 DEBUG trus.DefaultTestCase| Initializing test case
|22:31:14,705 DEBUG  context.TestContext| Setting variable: citrus.test.name with value: 'DuckTestUpdate.successfulUpdate2'
n22:31:14,705 DEBUG  context.TestContext| Setting variable: citrus.test.package with value: 'autotests.tests'
Y22:31:14,705 DEBUG trus.DefaultTestCase| Initializing test parameter 'arg0' as variable
Ä22:31:14,705 DEBUG  context.TestContext| Setting variable: arg0 with value: 'com.consol.citrus.DefaultTestCaseRunner@70940cb8'
:22:31:14,705 DEBUG trus.DefaultTestCase| Test variables:
P22:31:14,705 DEBUG trus.DefaultTestCase| citrus.test.package = autotests.tests
b22:31:14,705 DEBUG trus.DefaultTestCase| arg0 = com.consol.citrus.DefaultTestCaseRunner@70940cb8
^22:31:14,705 DEBUG trus.DefaultTestCase| citrus.test.name = DuckTestUpdate.successfulUpdate2
U22:31:14,705 DEBUG  context.TestContext| Setting variable: duckId with value: '123'
+22:31:14,705 INFO  port.LoggingReporter| 
;22:31:14,705 DEBUG port.LoggingReporter| TEST STEP 0: sql
Ö22:31:14,705 DEBUG ons.ExecuteSQLAction| Executing SQL statement: insert into DUCK (id, color, height, material, sound, wings_state)
9values (123, 'yellow', 1.0, 'rubber', 'quack','ACTIVE')
M22:31:14,705 INFO  ons.ExecuteSQLAction| SQL statement execution successful
+22:31:14,705 INFO  port.LoggingReporter| 
>22:31:14,705 DEBUG port.LoggingReporter| TEST STEP 0 SUCCESS
+22:31:14,705 INFO  port.LoggingReporter| 
<22:31:14,705 DEBUG port.LoggingReporter| TEST STEP 0: send
s22:31:14,705 DEBUG ltCorrelationManager| Saving correlation key for 'citrus_message_correlator_yellowDuckService'
±22:31:14,705 DEBUG  context.TestContext| Setting variable: citrus_message_correlator_yellowDuckService with value: 'citrus_message_id = '55ce71cc-b655-4927-80fb-623b2390ddc3''
˛22:31:14,705 DEBUG  context.TestContext| Setting variable: citrus_message_replyTo_citrus_message_correlator_yellowDuckService with value: 'http://localhost:2222/api/duck/update?color=black&material=rubber&wingsState=ACTIVE&sound=moo&id=123&height=0.15'
∂22:31:14,705 INFO     client.HttpClient| Sending HTTP message to: 'http://localhost:2222/api/duck/update?color=black&material=rubber&wingsState=ACTIVE&sound=moo&id=123&height=0.15'
:22:31:14,705 DEBUG    client.HttpClient| Message to send:

G22:31:14,705 DEBUG ingClientInterceptor| Sending Http request message
H22:31:14,705 DEBUG   util.TypeConverter| Using type converter 'spring'
I22:31:14,720 DEBUG ingClientInterceptor| Received Http response message
H22:31:14,720 DEBUG   util.TypeConverter| Using type converter 'spring'
¿22:31:14,720 INFO     client.HttpClient| HTTP message was sent to endpoint: 'http://localhost:2222/api/duck/update?color=black&material=rubber&wingsState=ACTIVE&sound=moo&id=123&height=0.15'
Ñ22:31:14,720 DEBUG ltCorrelationManager| Saving correlated object for 'citrus_message_id = '55ce71cc-b655-4927-80fb-623b2390ddc3''
+22:31:14,720 INFO  port.LoggingReporter| 
>22:31:14,720 DEBUG port.LoggingReporter| TEST STEP 0 SUCCESS
+22:31:14,720 INFO  port.LoggingReporter| 
?22:31:14,720 DEBUG port.LoggingReporter| TEST STEP 0: receive
p22:31:14,720 DEBUG ngCorrelationManager| Get correlation key for 'citrus_message_correlator_yellowDuckService'
Ö22:31:14,720 DEBUG ltCorrelationManager| Finding correlated object for 'citrus_message_id = '55ce71cc-b655-4927-80fb-623b2390ddc3''
;22:31:14,720 DEBUG ReceiveMessageAction| Received message:
CHTTPMESSAGE [id: 3f126f84-893c-42ec-8881-8e4d9bbccd15, payload: {
.  "message": "Duck with id = 123 is updated"
‚}][headers: {Transfer-Encoding=chunked, Connection=keep-alive, contentType=application/json, Date=1738251073000, citrus_message_id=3f126f84-893c-42ec-8881-8e4d9bbccd15, citrus_message_timestamp=1738251074720, Keep-Alive=timeout=60, Content-Type=application/json, citrus_http_status_code=200, citrus_http_reason_phrase=OK, citrus_http_version=HTTP/1.1}]
:22:31:14,720 DEBUG ReceiveMessageAction| Control message:
CHTTPMESSAGE [id: 9cf95a30-83c2-4634-b7b6-b457d2507362, payload: {

(  "message": "Sound can not be updated"
‚}][headers: {citrus_message_id=9cf95a30-83c2-4634-b7b6-b457d2507362, citrus_message_timestamp=1738251074720, citrus_http_reason_phrase=OK, citrus_http_status_code=200, Content-Type=application/json, citrus_message_type=XML}]
Q22:31:14,720 DEBUG ageValidatorRegistry| Found 3 message validators for message
N22:31:14,720 DEBUG ssageHeaderValidator| Start message header validation ...
i22:31:14,720 DEBUG faultHeaderValidator| Validating header element: citrus_http_reason_phrase='OK': OK.
h22:31:14,720 DEBUG faultHeaderValidator| Validating header element: citrus_http_status_code='200': OK.
j22:31:14,720 DEBUG faultHeaderValidator| Validating header element: Content-Type='application/json': OK.
^22:31:14,720 INFO  ssageHeaderValidator| Message header validation successful: All values OK
L22:31:14,720 DEBUG TextMessageValidator| Start JSON message validation ...
N22:31:14,720 DEBUG JsonSchemaValidation| Starting Json schema validation ...
[22:31:14,720 INFO  JsonSchemaValidation| Json schema validation successful: All values OK
N22:31:14,720 DEBUG trus.DefaultTestCase| Entering finally block in test case
+22:31:14,720 INFO  port.LoggingReporter| 
e22:31:14,720 DEBUG port.LoggingReporter| TEST STEP 0: DuckTestUpdate$$Lambda$668/0x000000084052f440
+22:31:14,720 INFO  port.LoggingReporter| 
;22:31:14,720 DEBUG port.LoggingReporter| TEST STEP 0: sql
a22:31:14,720 DEBUG ons.ExecuteSQLAction| Executing SQL statement: DELETE FROM DUCK WHERE ID=123
M22:31:14,720 INFO  ons.ExecuteSQLAction| SQL statement execution successful
+22:31:14,720 INFO  port.LoggingReporter| 
>22:31:14,720 DEBUG port.LoggingReporter| TEST STEP 0 SUCCESS
+22:31:14,720 INFO  port.LoggingReporter| 
>22:31:14,720 DEBUG port.LoggingReporter| TEST STEP 0 SUCCESS
+22:31:14,720 INFO  port.LoggingReporter| 
22:31:14,720 ERROR port.LoggingReporter| TEST FAILED DuckTestUpdate.successfulUpdate2 <autotests.tests> Nested exception is: 
Qcom.consol.citrus.exceptions.ValidationException: Failed to validate JSON text:
†{"message":"Duck with id = 123 is updated"} Values not equal for entry: 'message', expected 'Sound can not be updated' but was 'Duck with id = 123 is updated'
s	at com.consol.citrus.validation.json.JsonTextMessageValidator.validateMessage(JsonTextMessageValidator.java:114)
r	at com.consol.citrus.validation.json.JsonTextMessageValidator.validateMessage(JsonTextMessageValidator.java:58)
m	at com.consol.citrus.validation.AbstractMessageValidator.validateMessage(AbstractMessageValidator.java:46)
c	at com.consol.citrus.actions.ReceiveMessageAction.validateMessage(ReceiveMessageAction.java:279)
]	at com.consol.citrus.actions.ReceiveMessageAction.doExecute(ReceiveMessageAction.java:168)
V	at com.consol.citrus.actions.AbstractTestAction.execute(AbstractTestAction.java:59)
O	at com.consol.citrus.DefaultTestCase.executeAction(DefaultTestCase.java:136)
Q	at com.consol.citrus.DefaultTestCaseRunner.run(DefaultTestCaseRunner.java:125)
D	at com.consol.citrus.TestActionRunner.$(TestActionRunner.java:35)
N	at autotests.clients.DuckClient.validateResponseUpdate(DuckClient.java:153)
N	at autotests.tests.DuckTestUpdate.successfulUpdate2(DuckTestUpdate.java:45)
T	at java.base/jdk.internal.reflect.NativeMethodAccessorImpl.invoke0(Native Method)
f	at java.base/jdk.internal.reflect.NativeMethodAccessorImpl.invoke(NativeMethodAccessorImpl.java:62)
n	at java.base/jdk.internal.reflect.DelegatingMethodAccessorImpl.invoke(DelegatingMethodAccessorImpl.java:43)
@	at java.base/java.lang.reflect.Method.invoke(Method.java:566)
U	at org.springframework.util.ReflectionUtils.invokeMethod(ReflectionUtils.java:282)
[	at com.consol.citrus.testng.TestNGHelper.lambda$invokeTestMethod$1(TestNGHelper.java:82)
\	at com.consol.citrus.common.DefaultTestLoader.lambda$doLoad$1(DefaultTestLoader.java:116)
@	at java.base/java.util.ArrayList.forEach(ArrayList.java:1541)
S	at com.consol.citrus.common.DefaultTestLoader.doLoad(DefaultTestLoader.java:116)
P	at com.consol.citrus.common.DefaultTestLoader.load(DefaultTestLoader.java:94)
R	at com.consol.citrus.testng.TestNGHelper.invokeTestMethod(TestNGHelper.java:83)
g	at com.consol.citrus.testng.spring.TestNGCitrusSpringSupport.run(TestNGCitrusSpringSupport.java:185)
g	at com.consol.citrus.testng.spring.TestNGCitrusSpringSupport.run(TestNGCitrusSpringSupport.java:101)
i	at org.testng.internal.invokers.MethodInvocationHelper.invokeHookable(MethodInvocationHelper.java:272)
Q	at org.testng.internal.invokers.TestInvoker.invokeMethod(TestInvoker.java:669)
U	at org.testng.internal.invokers.TestInvoker.invokeTestMethod(TestInvoker.java:221)
S	at org.testng.internal.invokers.MethodRunner.runInSequence(MethodRunner.java:50)
a	at org.testng.internal.invokers.TestInvoker$MethodInvocationAgent.invoke(TestInvoker.java:969)
V	at org.testng.internal.invokers.TestInvoker.invokeTestMethods(TestInvoker.java:194)
`	at org.testng.internal.invokers.TestMethodWorker.invokeTestMethods(TestMethodWorker.java:148)
R	at org.testng.internal.invokers.TestMethodWorker.run(TestMethodWorker.java:128)
@	at java.base/java.util.ArrayList.forEach(ArrayList.java:1541)
;	at org.testng.TestRunner.privateRun(TestRunner.java:829)
4	at org.testng.TestRunner.run(TestRunner.java:602)
:	at org.testng.SuiteRunner.runTest(SuiteRunner.java:437)
B	at org.testng.SuiteRunner.runSequentially(SuiteRunner.java:431)
=	at org.testng.SuiteRunner.privateRun(SuiteRunner.java:391)
6	at org.testng.SuiteRunner.run(SuiteRunner.java:330)
F	at org.testng.SuiteRunnerWorker.runSuite(SuiteRunnerWorker.java:52)
A	at org.testng.SuiteRunnerWorker.run(SuiteRunnerWorker.java:95)
?	at org.testng.TestNG.runSuitesSequentially(TestNG.java:1256)
:	at org.testng.TestNG.runSuitesLocally(TestNG.java:1176)
3	at org.testng.TestNG.runSuites(TestNG.java:1099)
-	at org.testng.TestNG.run(TestNG.java:1067)
w	at org.gradle.api.internal.tasks.testing.testng.TestNGTestClassProcessor.runTests(TestNGTestClassProcessor.java:153)
r	at org.gradle.api.internal.tasks.testing.testng.TestNGTestClassProcessor.stop(TestNGTestClassProcessor.java:96)
i	at org.gradle.api.internal.tasks.testing.SuiteTestClassProcessor.stop(SuiteTestClassProcessor.java:62)
T	at java.base/jdk.internal.reflect.NativeMethodAccessorImpl.invoke0(Native Method)
f	at java.base/jdk.internal.reflect.NativeMethodAccessorImpl.invoke(NativeMethodAccessorImpl.java:62)
n	at java.base/jdk.internal.reflect.DelegatingMethodAccessorImpl.invoke(DelegatingMethodAccessorImpl.java:43)
@	at java.base/java.lang.reflect.Method.invoke(Method.java:566)
Z	at org.gradle.internal.dispatch.ReflectionDispatch.dispatch(ReflectionDispatch.java:36)
Z	at org.gradle.internal.dispatch.ReflectionDispatch.dispatch(ReflectionDispatch.java:24)
j	at org.gradle.internal.dispatch.ContextClassLoaderDispatch.dispatch(ContextClassLoaderDispatch.java:33)
y	at org.gradle.internal.dispatch.ProxyDispatchAdapter$DispatchingInvocationHandler.invoke(ProxyDispatchAdapter.java:94)
0	at com.sun.proxy.$Proxy2.stop(Unknown Source)
X	at org.gradle.api.internal.tasks.testing.worker.TestWorker$3.run(TestWorker.java:193)
o	at org.gradle.api.internal.tasks.testing.worker.TestWorker.executeAndMaintainThreadName(TestWorker.java:129)
Z	at org.gradle.api.internal.tasks.testing.worker.TestWorker.execute(TestWorker.java:100)
Y	at org.gradle.api.internal.tasks.testing.worker.TestWorker.execute(TestWorker.java:60)
k	at org.gradle.process.internal.worker.child.ActionExecutionWorker.execute(ActionExecutionWorker.java:56)
É	at org.gradle.process.internal.worker.child.SystemApplicationClassLoaderWorker.call(SystemApplicationClassLoaderWorker.java:119)
Ç	at org.gradle.process.internal.worker.child.SystemApplicationClassLoaderWorker.call(SystemApplicationClassLoaderWorker.java:66)
^	at worker.org.gradle.process.internal.worker.GradleWorkerMain.run(GradleWorkerMain.java:69)
_	at worker.org.gradle.process.internal.worker.GradleWorkerMain.main(GradleWorkerMain.java:74)
£Caused by: java.lang.IllegalArgumentException: Values not equal for entry: 'message', expected 'Sound can not be updated' but was 'Duck with id = 123 is updated'
=	at org.springframework.util.Assert.isTrue(Assert.java:121)
p	at com.consol.citrus.validation.json.JsonTextMessageValidator.validateJson(JsonTextMessageValidator.java:211)
s	at com.consol.citrus.validation.json.JsonTextMessageValidator.validateMessage(JsonTextMessageValidator.java:102)
	... 65 more
s22:31:14,720 INFO  port.LoggingReporter| ------------------------------------------------------------------------
+22:31:14,720 INFO  port.LoggingReporter| 
